2025-06-06 08:46:54,629 - __main__ - [32mINFO[0m - í¬ë¡¤ë§ ì‹œì‘...
2025-06-06 08:47:00,774 - src.tworld_crawler - [32mINFO[0m - Chrome ë“œë¼ì´ë²„ ì„¤ì • ì™„ë£Œ (Selenium Manager ì‚¬ìš©)
2025-06-06 08:47:00,774 - src.tworld_crawler - [32mINFO[0m - í˜ì´ì§€ ë¡œë”© ì‹œì‘: https://m.shop.tworld.co.kr/notice?modelNwType=5G&saleMonth=24&dcMthdCd=10&prodId=NA00007790&prodNm=5GX+%ED%94%84%EB%9D%BC%EC%9E%84&saleYn=N&scrbTypCd=31
2025-06-06 08:47:03,590 - src.tworld_crawler - [32mINFO[0m - í˜ì´ì§€ ìš”ì†Œ ë¡œë”© ì™„ë£Œ
2025-06-06 08:47:03,590 - src.tworld_crawler - [32mINFO[0m - í˜ì´ì§€ ìŠ¤í¬ë¡¤ ì‹œì‘
2025-06-06 08:47:07,435 - src.tworld_crawler - [32mINFO[0m - ìŠ¤í¬ë¡¤ ì™„ë£Œ (ì´ 1íšŒ)
2025-06-06 08:47:09,557 - src.parser - [32mINFO[0m - ë””ë°”ì´ìŠ¤ëª…: Unknown Device
2025-06-06 08:47:09,567 - src.parser - [32mINFO[0m - _parse_table_format: 20ê°œ ë°ì´í„° ì¶”ì¶œ
2025-06-06 08:47:09,653 - src.parser - [32mINFO[0m - _parse_by_pattern: 24ê°œ ë°ì´í„° ì¶”ì¶œ
2025-06-06 08:47:09,654 - src.crawler - [32mINFO[0m - ë°ì´í„° ê²€ì¦ ì™„ë£Œ: 44/44 í•­ëª©
2025-06-06 08:47:09,654 - src.tworld_crawler - [32mINFO[0m - í¬ë¡¤ë§ ì„±ê³µ: 44ê°œ ë°ì´í„° ìˆ˜ì§‘
2025-06-06 08:47:09,773 - src.crawler - [32mINFO[0m - CSV ì €ì¥ ì™„ë£Œ: /Users/jacob/Desktop/fee-crawler/data/tworld_fee_20250606_084654.csv
2025-06-06 08:47:10,017 - src.crawler - [32mINFO[0m - Excel ì €ì¥ ì™„ë£Œ: /Users/jacob/Desktop/fee-crawler/data/tworld_fee_20250606_084654.xlsx
2025-06-06 08:47:10,018 - src.crawler - [32mINFO[0m - JSON ì €ì¥ ì™„ë£Œ: /Users/jacob/Desktop/fee-crawler/data/tworld_fee_20250606_084654.json
2025-06-06 08:47:10,020 - __main__ - [32mINFO[0m - í¬ë¡¤ë§ ì™„ë£Œ!
2025-06-06 08:51:03,729 - __main__ - [32mINFO[0m - í˜ì´ì§€ ë¶„ì„ ì‹œì‘: https://m.shop.tworld.co.kr/notice?modelNwType=5G&saleMonth=24&dcMthdCd=10&prodId=NA00007790
2025-06-06 08:51:06,015 - __main__ - [32mINFO[0m - Chrome ë“œë¼ì´ë²„ ì„¤ì • ì™„ë£Œ (Selenium Manager ì‚¬ìš©)
2025-06-06 08:57:59,890 - __main__ - [32mINFO[0m - í¬ë¡¤ë§ ì‹œì‘...
2025-06-06 08:58:02,037 - src.tworld_crawler - [32mINFO[0m - Chrome ë“œë¼ì´ë²„ ì„¤ì • ì™„ë£Œ (Selenium Manager ì‚¬ìš©)
2025-06-06 08:58:02,037 - src.tworld_crawler - [32mINFO[0m - í˜ì´ì§€ ë¡œë”© ì‹œì‘: https://m.shop.tworld.co.kr/notice?modelNwType=5G&saleMonth=24&dcMthdCd=10&prodId=NA00007790&prodNm=5GX+%ED%94%84%EB%9D%BC%EC%9E%84&saleYn=N&scrbTypCd=31
2025-06-06 08:58:04,867 - src.tworld_crawler - [32mINFO[0m - í˜ì´ì§€ ìš”ì†Œ ë¡œë”© ì™„ë£Œ
2025-06-06 08:58:04,867 - src.tworld_crawler - [32mINFO[0m - í˜ì´ì§€ ìŠ¤í¬ë¡¤ ì‹œì‘
2025-06-06 08:58:08,968 - src.tworld_crawler - [32mINFO[0m - ìŠ¤í¬ë¡¤ ì™„ë£Œ (ì´ 1íšŒ)
2025-06-06 08:58:11,087 - src.parser - [32mINFO[0m - ë””ë°”ì´ìŠ¤ëª…: ê°¤ëŸ­ì‹œ S25
2025-06-06 08:58:11,090 - src.parser - [33mWARNING[0m - ë¹„ì •ìƒì ì¸ ê¸ˆì•¡ ë°œê²¬: ê³µì‹œì§€ì›ê¸ˆ=20250525, ì¶”ê°€ì§€ì›ê¸ˆ=1298000
2025-06-06 08:58:11,091 - src.parser - [33mWARNING[0m - ë¹„ì •ìƒì ì¸ ê¸ˆì•¡ ë°œê²¬: ê³µì‹œì§€ì›ê¸ˆ=20250525, ì¶”ê°€ì§€ì›ê¸ˆ=1841400
2025-06-06 08:58:11,091 - src.parser - [33mWARNING[0m - ë¹„ì •ìƒì ì¸ ê¸ˆì•¡ ë°œê²¬: ê³µì‹œì§€ì›ê¸ˆ=20250525, ì¶”ê°€ì§€ì›ê¸ˆ=1353000
2025-06-06 08:58:11,091 - src.parser - [33mWARNING[0m - ë¹„ì •ìƒì ì¸ ê¸ˆì•¡ ë°œê²¬: ê³µì‹œì§€ì›ê¸ˆ=20250525, ì¶”ê°€ì§€ì›ê¸ˆ=2127400
2025-06-06 08:58:11,092 - src.parser - [33mWARNING[0m - ë¹„ì •ìƒì ì¸ ê¸ˆì•¡ ë°œê²¬: ê³µì‹œì§€ì›ê¸ˆ=20250525, ì¶”ê°€ì§€ì›ê¸ˆ=1698400
2025-06-06 08:58:11,092 - src.parser - [33mWARNING[0m - ë¹„ì •ìƒì ì¸ ê¸ˆì•¡ ë°œê²¬: ê³µì‹œì§€ì›ê¸ˆ=20250525, ì¶”ê°€ì§€ì›ê¸ˆ=1841400
2025-06-06 08:58:11,092 - src.parser - [33mWARNING[0m - ë¹„ì •ìƒì ì¸ ê¸ˆì•¡ ë°œê²¬: ê³µì‹œì§€ì›ê¸ˆ=20250525, ì¶”ê°€ì§€ì›ê¸ˆ=1496000
2025-06-06 08:58:11,093 - src.parser - [33mWARNING[0m - ë¹„ì •ìƒì ì¸ ê¸ˆì•¡ ë°œê²¬: ê³µì‹œì§€ì›ê¸ˆ=20250525, ì¶”ê°€ì§€ì›ê¸ˆ=1155000
2025-06-06 08:58:11,093 - src.parser - [33mWARNING[0m - ë¹„ì •ìƒì ì¸ ê¸ˆì•¡ ë°œê²¬: ê³µì‹œì§€ì›ê¸ˆ=20250525, ì¶”ê°€ì§€ì›ê¸ˆ=1155000
2025-06-06 08:58:11,093 - src.parser - [33mWARNING[0m - ë¹„ì •ìƒì ì¸ ê¸ˆì•¡ ë°œê²¬: ê³µì‹œì§€ì›ê¸ˆ=20250525, ì¶”ê°€ì§€ì›ê¸ˆ=1155000
2025-06-06 08:58:11,094 - src.parser - [33mWARNING[0m - ë¹„ì •ìƒì ì¸ ê¸ˆì•¡ ë°œê²¬: ê³µì‹œì§€ì›ê¸ˆ=20250525, ì¶”ê°€ì§€ì›ê¸ˆ=1155000
2025-06-06 08:58:11,094 - src.parser - [33mWARNING[0m - ë¹„ì •ìƒì ì¸ ê¸ˆì•¡ ë°œê²¬: ê³µì‹œì§€ì›ê¸ˆ=20250525, ì¶”ê°€ì§€ì›ê¸ˆ=1298000
2025-06-06 08:58:11,094 - src.parser - [33mWARNING[0m - ë¹„ì •ìƒì ì¸ ê¸ˆì•¡ ë°œê²¬: ê³µì‹œì§€ì›ê¸ˆ=20250525, ì¶”ê°€ì§€ì›ê¸ˆ=1298000
2025-06-06 08:58:11,095 - src.parser - [33mWARNING[0m - ë¹„ì •ìƒì ì¸ ê¸ˆì•¡ ë°œê²¬: ê³µì‹œì§€ì›ê¸ˆ=20250525, ì¶”ê°€ì§€ì›ê¸ˆ=1298000
2025-06-06 08:58:11,095 - src.parser - [33mWARNING[0m - ë¹„ì •ìƒì ì¸ ê¸ˆì•¡ ë°œê²¬: ê³µì‹œì§€ì›ê¸ˆ=20250525, ì¶”ê°€ì§€ì›ê¸ˆ=1298000
2025-06-06 08:58:11,095 - src.parser - [33mWARNING[0m - ë¹„ì •ìƒì ì¸ ê¸ˆì•¡ ë°œê²¬: ê³µì‹œì§€ì›ê¸ˆ=20250525, ì¶”ê°€ì§€ì›ê¸ˆ=1353000
2025-06-06 08:58:11,096 - src.parser - [33mWARNING[0m - ë¹„ì •ìƒì ì¸ ê¸ˆì•¡ ë°œê²¬: ê³µì‹œì§€ì›ê¸ˆ=20250525, ì¶”ê°€ì§€ì›ê¸ˆ=1353000
2025-06-06 08:58:11,096 - src.parser - [33mWARNING[0m - ë¹„ì •ìƒì ì¸ ê¸ˆì•¡ ë°œê²¬: ê³µì‹œì§€ì›ê¸ˆ=20250525, ì¶”ê°€ì§€ì›ê¸ˆ=1353000
2025-06-06 08:58:11,096 - src.parser - [33mWARNING[0m - ë¹„ì •ìƒì ì¸ ê¸ˆì•¡ ë°œê²¬: ê³µì‹œì§€ì›ê¸ˆ=20250525, ì¶”ê°€ì§€ì›ê¸ˆ=1353000
2025-06-06 08:58:11,097 - src.parser - [33mWARNING[0m - ë¹„ì •ìƒì ì¸ ê¸ˆì•¡ ë°œê²¬: ê³µì‹œì§€ì›ê¸ˆ=20250525, ì¶”ê°€ì§€ì›ê¸ˆ=1496000
2025-06-06 08:58:11,164 - src.crawler - [32mINFO[0m - ë°ì´í„° ê²€ì¦ ì™„ë£Œ: 0/0 í•­ëª©
2025-06-06 08:58:11,164 - src.tworld_crawler - [33mWARNING[0m - ë°ì´í„°ë¥¼ ì°¾ì„ ìˆ˜ ì—†ìŠµë‹ˆë‹¤. ì¬ì‹œë„...
2025-06-06 08:58:14,589 - src.tworld_crawler - [32mINFO[0m - Chrome ë“œë¼ì´ë²„ ì„¤ì • ì™„ë£Œ (Selenium Manager ì‚¬ìš©)
2025-06-06 08:58:14,590 - src.tworld_crawler - [32mINFO[0m - í˜ì´ì§€ ë¡œë”© ì‹œì‘: https://m.shop.tworld.co.kr/notice?modelNwType=5G&saleMonth=24&dcMthdCd=10&prodId=NA00007790&prodNm=5GX+%ED%94%84%EB%9D%BC%EC%9E%84&saleYn=N&scrbTypCd=31
2025-06-06 08:58:17,184 - src.tworld_crawler - [32mINFO[0m - í˜ì´ì§€ ìš”ì†Œ ë¡œë”© ì™„ë£Œ
2025-06-06 08:58:17,185 - src.tworld_crawler - [32mINFO[0m - í˜ì´ì§€ ìŠ¤í¬ë¡¤ ì‹œì‘
2025-06-06 08:58:20,885 - src.tworld_crawler - [32mINFO[0m - ìŠ¤í¬ë¡¤ ì™„ë£Œ (ì´ 1íšŒ)
2025-06-06 08:58:23,002 - src.parser - [32mINFO[0m - ë””ë°”ì´ìŠ¤ëª…: ê°¤ëŸ­ì‹œ S25
2025-06-06 08:58:23,005 - src.parser - [33mWARNING[0m - ë¹„ì •ìƒì ì¸ ê¸ˆì•¡ ë°œê²¬: ê³µì‹œì§€ì›ê¸ˆ=20250525, ì¶”ê°€ì§€ì›ê¸ˆ=1298000
2025-06-06 08:58:23,006 - src.parser - [33mWARNING[0m - ë¹„ì •ìƒì ì¸ ê¸ˆì•¡ ë°œê²¬: ê³µì‹œì§€ì›ê¸ˆ=20250525, ì¶”ê°€ì§€ì›ê¸ˆ=1841400
2025-06-06 08:58:23,006 - src.parser - [33mWARNING[0m - ë¹„ì •ìƒì ì¸ ê¸ˆì•¡ ë°œê²¬: ê³µì‹œì§€ì›ê¸ˆ=20250525, ì¶”ê°€ì§€ì›ê¸ˆ=1353000
2025-06-06 08:58:23,006 - src.parser - [33mWARNING[0m - ë¹„ì •ìƒì ì¸ ê¸ˆì•¡ ë°œê²¬: ê³µì‹œì§€ì›ê¸ˆ=20250525, ì¶”ê°€ì§€ì›ê¸ˆ=2127400
2025-06-06 08:58:23,007 - src.parser - [33mWARNING[0m - ë¹„ì •ìƒì ì¸ ê¸ˆì•¡ ë°œê²¬: ê³µì‹œì§€ì›ê¸ˆ=20250525, ì¶”ê°€ì§€ì›ê¸ˆ=1698400
2025-06-06 08:58:23,007 - src.parser - [33mWARNING[0m - ë¹„ì •ìƒì ì¸ ê¸ˆì•¡ ë°œê²¬: ê³µì‹œì§€ì›ê¸ˆ=20250525, ì¶”ê°€ì§€ì›ê¸ˆ=1841400
2025-06-06 08:58:23,008 - src.parser - [33mWARNING[0m - ë¹„ì •ìƒì ì¸ ê¸ˆì•¡ ë°œê²¬: ê³µì‹œì§€ì›ê¸ˆ=20250525, ì¶”ê°€ì§€ì›ê¸ˆ=1496000
2025-06-06 08:58:23,008 - src.parser - [33mWARNING[0m - ë¹„ì •ìƒì ì¸ ê¸ˆì•¡ ë°œê²¬: ê³µì‹œì§€ì›ê¸ˆ=20250525, ì¶”ê°€ì§€ì›ê¸ˆ=1155000
2025-06-06 08:58:23,008 - src.parser - [33mWARNING[0m - ë¹„ì •ìƒì ì¸ ê¸ˆì•¡ ë°œê²¬: ê³µì‹œì§€ì›ê¸ˆ=20250525, ì¶”ê°€ì§€ì›ê¸ˆ=1155000
2025-06-06 08:58:23,009 - src.parser - [33mWARNING[0m - ë¹„ì •ìƒì ì¸ ê¸ˆì•¡ ë°œê²¬: ê³µì‹œì§€ì›ê¸ˆ=20250525, ì¶”ê°€ì§€ì›ê¸ˆ=1155000
2025-06-06 08:58:23,009 - src.parser - [33mWARNING[0m - ë¹„ì •ìƒì ì¸ ê¸ˆì•¡ ë°œê²¬: ê³µì‹œì§€ì›ê¸ˆ=20250525, ì¶”ê°€ì§€ì›ê¸ˆ=1155000
2025-06-06 08:58:23,009 - src.parser - [33mWARNING[0m - ë¹„ì •ìƒì ì¸ ê¸ˆì•¡ ë°œê²¬: ê³µì‹œì§€ì›ê¸ˆ=20250525, ì¶”ê°€ì§€ì›ê¸ˆ=1298000
2025-06-06 08:58:23,010 - src.parser - [33mWARNING[0m - ë¹„ì •ìƒì ì¸ ê¸ˆì•¡ ë°œê²¬: ê³µì‹œì§€ì›ê¸ˆ=20250525, ì¶”ê°€ì§€ì›ê¸ˆ=1298000
2025-06-06 08:58:23,010 - src.parser - [33mWARNING[0m - ë¹„ì •ìƒì ì¸ ê¸ˆì•¡ ë°œê²¬: ê³µì‹œì§€ì›ê¸ˆ=20250525, ì¶”ê°€ì§€ì›ê¸ˆ=1298000
2025-06-06 08:58:23,010 - src.parser - [33mWARNING[0m - ë¹„ì •ìƒì ì¸ ê¸ˆì•¡ ë°œê²¬: ê³µì‹œì§€ì›ê¸ˆ=20250525, ì¶”ê°€ì§€ì›ê¸ˆ=1298000
2025-06-06 08:58:23,011 - src.parser - [33mWARNING[0m - ë¹„ì •ìƒì ì¸ ê¸ˆì•¡ ë°œê²¬: ê³µì‹œì§€ì›ê¸ˆ=20250525, ì¶”ê°€ì§€ì›ê¸ˆ=1353000
2025-06-06 08:58:23,011 - src.parser - [33mWARNING[0m - ë¹„ì •ìƒì ì¸ ê¸ˆì•¡ ë°œê²¬: ê³µì‹œì§€ì›ê¸ˆ=20250525, ì¶”ê°€ì§€ì›ê¸ˆ=1353000
2025-06-06 08:58:23,011 - src.parser - [33mWARNING[0m - ë¹„ì •ìƒì ì¸ ê¸ˆì•¡ ë°œê²¬: ê³µì‹œì§€ì›ê¸ˆ=20250525, ì¶”ê°€ì§€ì›ê¸ˆ=1353000
2025-06-06 08:58:23,012 - src.parser - [33mWARNING[0m - ë¹„ì •ìƒì ì¸ ê¸ˆì•¡ ë°œê²¬: ê³µì‹œì§€ì›ê¸ˆ=20250525, ì¶”ê°€ì§€ì›ê¸ˆ=1353000
2025-06-06 08:58:23,012 - src.parser - [33mWARNING[0m - ë¹„ì •ìƒì ì¸ ê¸ˆì•¡ ë°œê²¬: ê³µì‹œì§€ì›ê¸ˆ=20250525, ì¶”ê°€ì§€ì›ê¸ˆ=1496000
2025-06-06 08:58:23,079 - src.crawler - [32mINFO[0m - ë°ì´í„° ê²€ì¦ ì™„ë£Œ: 0/0 í•­ëª©
2025-06-06 08:58:23,080 - src.tworld_crawler - [33mWARNING[0m - ë°ì´í„°ë¥¼ ì°¾ì„ ìˆ˜ ì—†ìŠµë‹ˆë‹¤. ì¬ì‹œë„...
2025-06-06 08:58:26,499 - src.tworld_crawler - [32mINFO[0m - Chrome ë“œë¼ì´ë²„ ì„¤ì • ì™„ë£Œ (Selenium Manager ì‚¬ìš©)
2025-06-06 08:58:26,499 - src.tworld_crawler - [32mINFO[0m - í˜ì´ì§€ ë¡œë”© ì‹œì‘: https://m.shop.tworld.co.kr/notice?modelNwType=5G&saleMonth=24&dcMthdCd=10&prodId=NA00007790&prodNm=5GX+%ED%94%84%EB%9D%BC%EC%9E%84&saleYn=N&scrbTypCd=31
2025-06-06 08:58:29,085 - src.tworld_crawler - [32mINFO[0m - í˜ì´ì§€ ìš”ì†Œ ë¡œë”© ì™„ë£Œ
2025-06-06 08:58:29,086 - src.tworld_crawler - [32mINFO[0m - í˜ì´ì§€ ìŠ¤í¬ë¡¤ ì‹œì‘
2025-06-06 08:58:32,920 - src.tworld_crawler - [32mINFO[0m - ìŠ¤í¬ë¡¤ ì™„ë£Œ (ì´ 1íšŒ)
2025-06-06 08:58:35,032 - src.parser - [32mINFO[0m - ë””ë°”ì´ìŠ¤ëª…: ê°¤ëŸ­ì‹œ S25
2025-06-06 08:58:35,035 - src.parser - [33mWARNING[0m - ë¹„ì •ìƒì ì¸ ê¸ˆì•¡ ë°œê²¬: ê³µì‹œì§€ì›ê¸ˆ=20250525, ì¶”ê°€ì§€ì›ê¸ˆ=1298000
2025-06-06 08:58:35,035 - src.parser - [33mWARNING[0m - ë¹„ì •ìƒì ì¸ ê¸ˆì•¡ ë°œê²¬: ê³µì‹œì§€ì›ê¸ˆ=20250525, ì¶”ê°€ì§€ì›ê¸ˆ=1841400
2025-06-06 08:58:35,035 - src.parser - [33mWARNING[0m - ë¹„ì •ìƒì ì¸ ê¸ˆì•¡ ë°œê²¬: ê³µì‹œì§€ì›ê¸ˆ=20250525, ì¶”ê°€ì§€ì›ê¸ˆ=1353000
2025-06-06 08:58:35,036 - src.parser - [33mWARNING[0m - ë¹„ì •ìƒì ì¸ ê¸ˆì•¡ ë°œê²¬: ê³µì‹œì§€ì›ê¸ˆ=20250525, ì¶”ê°€ì§€ì›ê¸ˆ=2127400
2025-06-06 08:58:35,036 - src.parser - [33mWARNING[0m - ë¹„ì •ìƒì ì¸ ê¸ˆì•¡ ë°œê²¬: ê³µì‹œì§€ì›ê¸ˆ=20250525, ì¶”ê°€ì§€ì›ê¸ˆ=1698400
2025-06-06 08:58:35,036 - src.parser - [33mWARNING[0m - ë¹„ì •ìƒì ì¸ ê¸ˆì•¡ ë°œê²¬: ê³µì‹œì§€ì›ê¸ˆ=20250525, ì¶”ê°€ì§€ì›ê¸ˆ=1841400
2025-06-06 08:58:35,037 - src.parser - [33mWARNING[0m - ë¹„ì •ìƒì ì¸ ê¸ˆì•¡ ë°œê²¬: ê³µì‹œì§€ì›ê¸ˆ=20250525, ì¶”ê°€ì§€ì›ê¸ˆ=1496000
2025-06-06 08:58:35,037 - src.parser - [33mWARNING[0m - ë¹„ì •ìƒì ì¸ ê¸ˆì•¡ ë°œê²¬: ê³µì‹œì§€ì›ê¸ˆ=20250525, ì¶”ê°€ì§€ì›ê¸ˆ=1155000
2025-06-06 08:58:35,037 - src.parser - [33mWARNING[0m - ë¹„ì •ìƒì ì¸ ê¸ˆì•¡ ë°œê²¬: ê³µì‹œì§€ì›ê¸ˆ=20250525, ì¶”ê°€ì§€ì›ê¸ˆ=1155000
2025-06-06 08:58:35,038 - src.parser - [33mWARNING[0m - ë¹„ì •ìƒì ì¸ ê¸ˆì•¡ ë°œê²¬: ê³µì‹œì§€ì›ê¸ˆ=20250525, ì¶”ê°€ì§€ì›ê¸ˆ=1155000
2025-06-06 08:58:35,038 - src.parser - [33mWARNING[0m - ë¹„ì •ìƒì ì¸ ê¸ˆì•¡ ë°œê²¬: ê³µì‹œì§€ì›ê¸ˆ=20250525, ì¶”ê°€ì§€ì›ê¸ˆ=1155000
2025-06-06 08:58:35,038 - src.parser - [33mWARNING[0m - ë¹„ì •ìƒì ì¸ ê¸ˆì•¡ ë°œê²¬: ê³µì‹œì§€ì›ê¸ˆ=20250525, ì¶”ê°€ì§€ì›ê¸ˆ=1298000
2025-06-06 08:58:35,039 - src.parser - [33mWARNING[0m - ë¹„ì •ìƒì ì¸ ê¸ˆì•¡ ë°œê²¬: ê³µì‹œì§€ì›ê¸ˆ=20250525, ì¶”ê°€ì§€ì›ê¸ˆ=1298000
2025-06-06 08:58:35,039 - src.parser - [33mWARNING[0m - ë¹„ì •ìƒì ì¸ ê¸ˆì•¡ ë°œê²¬: ê³µì‹œì§€ì›ê¸ˆ=20250525, ì¶”ê°€ì§€ì›ê¸ˆ=1298000
2025-06-06 08:58:35,039 - src.parser - [33mWARNING[0m - ë¹„ì •ìƒì ì¸ ê¸ˆì•¡ ë°œê²¬: ê³µì‹œì§€ì›ê¸ˆ=20250525, ì¶”ê°€ì§€ì›ê¸ˆ=1298000
2025-06-06 08:58:35,040 - src.parser - [33mWARNING[0m - ë¹„ì •ìƒì ì¸ ê¸ˆì•¡ ë°œê²¬: ê³µì‹œì§€ì›ê¸ˆ=20250525, ì¶”ê°€ì§€ì›ê¸ˆ=1353000
2025-06-06 08:58:35,040 - src.parser - [33mWARNING[0m - ë¹„ì •ìƒì ì¸ ê¸ˆì•¡ ë°œê²¬: ê³µì‹œì§€ì›ê¸ˆ=20250525, ì¶”ê°€ì§€ì›ê¸ˆ=1353000
2025-06-06 08:58:35,040 - src.parser - [33mWARNING[0m - ë¹„ì •ìƒì ì¸ ê¸ˆì•¡ ë°œê²¬: ê³µì‹œì§€ì›ê¸ˆ=20250525, ì¶”ê°€ì§€ì›ê¸ˆ=1353000
2025-06-06 08:58:35,041 - src.parser - [33mWARNING[0m - ë¹„ì •ìƒì ì¸ ê¸ˆì•¡ ë°œê²¬: ê³µì‹œì§€ì›ê¸ˆ=20250525, ì¶”ê°€ì§€ì›ê¸ˆ=1353000
2025-06-06 08:58:35,041 - src.parser - [33mWARNING[0m - ë¹„ì •ìƒì ì¸ ê¸ˆì•¡ ë°œê²¬: ê³µì‹œì§€ì›ê¸ˆ=20250525, ì¶”ê°€ì§€ì›ê¸ˆ=1496000
2025-06-06 08:58:35,107 - src.crawler - [32mINFO[0m - ë°ì´í„° ê²€ì¦ ì™„ë£Œ: 0/0 í•­ëª©
2025-06-06 08:58:35,107 - src.tworld_crawler - [33mWARNING[0m - ë°ì´í„°ë¥¼ ì°¾ì„ ìˆ˜ ì—†ìŠµë‹ˆë‹¤. ì¬ì‹œë„...
2025-06-06 08:58:37,261 - src.tworld_crawler - [31mERROR[0m - ëª¨ë“  ì¬ì‹œë„ ì‹¤íŒ¨. ë°ì´í„°ë¥¼ ìˆ˜ì§‘í•  ìˆ˜ ì—†ìŠµë‹ˆë‹¤.
2025-06-06 08:58:37,261 - __main__ - [31mERROR[0m - ë°ì´í„°ë¥¼ ìˆ˜ì§‘í•  ìˆ˜ ì—†ìŠµë‹ˆë‹¤.
2025-06-06 09:04:03,241 - __main__ - [32mINFO[0m - í¬ë¡¤ë§ ì‹œì‘...
2025-06-06 09:04:05,393 - src.tworld_crawler - [32mINFO[0m - Chrome ë“œë¼ì´ë²„ ì„¤ì • ì™„ë£Œ (Selenium Manager ì‚¬ìš©)
2025-06-06 09:04:05,393 - src.tworld_crawler - [32mINFO[0m - í˜ì´ì§€ ë¡œë”© ì‹œì‘: https://m.shop.tworld.co.kr/notice?modelNwType=5G&saleMonth=24&dcMthdCd=10&prodId=NA00007790&prodNm=5GX+%ED%94%84%EB%9D%BC%EC%9E%84&saleYn=N&scrbTypCd=31
2025-06-06 09:04:07,965 - src.tworld_crawler - [32mINFO[0m - í˜ì´ì§€ ìš”ì†Œ ë¡œë”© ì™„ë£Œ
2025-06-06 09:04:07,965 - src.tworld_crawler - [32mINFO[0m - í˜ì´ì§€ ìŠ¤í¬ë¡¤ ì‹œì‘
2025-06-06 09:04:11,919 - src.tworld_crawler - [32mINFO[0m - ìŠ¤í¬ë¡¤ ì™„ë£Œ (ì´ 1íšŒ)
2025-06-06 09:04:13,978 - src.tworld_crawler - [32mINFO[0m - ë””ë²„ê·¸ HTML ì €ì¥: /Users/jacob/Desktop/fee-crawler/data/debug_page_20250606_090413.html
2025-06-06 09:04:14,330 - src.tworld_crawler - [32mINFO[0m - ë””ë²„ê·¸ ìŠ¤í¬ë¦°ìƒ· ì €ì¥: /Users/jacob/Desktop/fee-crawler/data/debug_screenshot_20250606_090414.png
2025-06-06 09:04:14,393 - src.parser - [32mINFO[0m - ë””ë°”ì´ìŠ¤ëª…: ê°¤ëŸ­ì‹œ S25
2025-06-06 09:04:14,397 - src.parser - [33mWARNING[0m - ë¹„ì •ìƒì ì¸ ê¸ˆì•¡ ë°œê²¬: ê³µì‹œì§€ì›ê¸ˆ=20250525, ì¶”ê°€ì§€ì›ê¸ˆ=1298000
2025-06-06 09:04:14,398 - src.parser - [33mWARNING[0m - ë¹„ì •ìƒì ì¸ ê¸ˆì•¡ ë°œê²¬: ê³µì‹œì§€ì›ê¸ˆ=20250525, ì¶”ê°€ì§€ì›ê¸ˆ=1841400
2025-06-06 09:04:14,398 - src.parser - [33mWARNING[0m - ë¹„ì •ìƒì ì¸ ê¸ˆì•¡ ë°œê²¬: ê³µì‹œì§€ì›ê¸ˆ=20250525, ì¶”ê°€ì§€ì›ê¸ˆ=1353000
2025-06-06 09:04:14,399 - src.parser - [33mWARNING[0m - ë¹„ì •ìƒì ì¸ ê¸ˆì•¡ ë°œê²¬: ê³µì‹œì§€ì›ê¸ˆ=20250525, ì¶”ê°€ì§€ì›ê¸ˆ=2127400
2025-06-06 09:04:14,399 - src.parser - [33mWARNING[0m - ë¹„ì •ìƒì ì¸ ê¸ˆì•¡ ë°œê²¬: ê³µì‹œì§€ì›ê¸ˆ=20250525, ì¶”ê°€ì§€ì›ê¸ˆ=1698400
2025-06-06 09:04:14,400 - src.parser - [33mWARNING[0m - ë¹„ì •ìƒì ì¸ ê¸ˆì•¡ ë°œê²¬: ê³µì‹œì§€ì›ê¸ˆ=20250525, ì¶”ê°€ì§€ì›ê¸ˆ=1841400
2025-06-06 09:04:14,400 - src.parser - [33mWARNING[0m - ë¹„ì •ìƒì ì¸ ê¸ˆì•¡ ë°œê²¬: ê³µì‹œì§€ì›ê¸ˆ=20250525, ì¶”ê°€ì§€ì›ê¸ˆ=1496000
2025-06-06 09:04:14,401 - src.parser - [33mWARNING[0m - ë¹„ì •ìƒì ì¸ ê¸ˆì•¡ ë°œê²¬: ê³µì‹œì§€ì›ê¸ˆ=20250525, ì¶”ê°€ì§€ì›ê¸ˆ=1155000
2025-06-06 09:04:14,401 - src.parser - [33mWARNING[0m - ë¹„ì •ìƒì ì¸ ê¸ˆì•¡ ë°œê²¬: ê³µì‹œì§€ì›ê¸ˆ=20250525, ì¶”ê°€ì§€ì›ê¸ˆ=1155000
2025-06-06 09:04:14,401 - src.parser - [33mWARNING[0m - ë¹„ì •ìƒì ì¸ ê¸ˆì•¡ ë°œê²¬: ê³µì‹œì§€ì›ê¸ˆ=20250525, ì¶”ê°€ì§€ì›ê¸ˆ=1155000
2025-06-06 09:04:14,402 - src.parser - [33mWARNING[0m - ë¹„ì •ìƒì ì¸ ê¸ˆì•¡ ë°œê²¬: ê³µì‹œì§€ì›ê¸ˆ=20250525, ì¶”ê°€ì§€ì›ê¸ˆ=1155000
2025-06-06 09:04:14,402 - src.parser - [33mWARNING[0m - ë¹„ì •ìƒì ì¸ ê¸ˆì•¡ ë°œê²¬: ê³µì‹œì§€ì›ê¸ˆ=20250525, ì¶”ê°€ì§€ì›ê¸ˆ=1298000
2025-06-06 09:04:14,402 - src.parser - [33mWARNING[0m - ë¹„ì •ìƒì ì¸ ê¸ˆì•¡ ë°œê²¬: ê³µì‹œì§€ì›ê¸ˆ=20250525, ì¶”ê°€ì§€ì›ê¸ˆ=1298000
2025-06-06 09:04:14,403 - src.parser - [33mWARNING[0m - ë¹„ì •ìƒì ì¸ ê¸ˆì•¡ ë°œê²¬: ê³µì‹œì§€ì›ê¸ˆ=20250525, ì¶”ê°€ì§€ì›ê¸ˆ=1298000
2025-06-06 09:04:14,403 - src.parser - [33mWARNING[0m - ë¹„ì •ìƒì ì¸ ê¸ˆì•¡ ë°œê²¬: ê³µì‹œì§€ì›ê¸ˆ=20250525, ì¶”ê°€ì§€ì›ê¸ˆ=1298000
2025-06-06 09:04:14,404 - src.parser - [33mWARNING[0m - ë¹„ì •ìƒì ì¸ ê¸ˆì•¡ ë°œê²¬: ê³µì‹œì§€ì›ê¸ˆ=20250525, ì¶”ê°€ì§€ì›ê¸ˆ=1353000
2025-06-06 09:04:14,404 - src.parser - [33mWARNING[0m - ë¹„ì •ìƒì ì¸ ê¸ˆì•¡ ë°œê²¬: ê³µì‹œì§€ì›ê¸ˆ=20250525, ì¶”ê°€ì§€ì›ê¸ˆ=1353000
2025-06-06 09:04:14,404 - src.parser - [33mWARNING[0m - ë¹„ì •ìƒì ì¸ ê¸ˆì•¡ ë°œê²¬: ê³µì‹œì§€ì›ê¸ˆ=20250525, ì¶”ê°€ì§€ì›ê¸ˆ=1353000
2025-06-06 09:04:14,405 - src.parser - [33mWARNING[0m - ë¹„ì •ìƒì ì¸ ê¸ˆì•¡ ë°œê²¬: ê³µì‹œì§€ì›ê¸ˆ=20250525, ì¶”ê°€ì§€ì›ê¸ˆ=1353000
2025-06-06 09:04:14,405 - src.parser - [33mWARNING[0m - ë¹„ì •ìƒì ì¸ ê¸ˆì•¡ ë°œê²¬: ê³µì‹œì§€ì›ê¸ˆ=20250525, ì¶”ê°€ì§€ì›ê¸ˆ=1496000
2025-06-06 09:04:14,476 - src.crawler - [32mINFO[0m - ë°ì´í„° ê²€ì¦ ì™„ë£Œ: 0/0 í•­ëª©
2025-06-06 09:04:14,476 - src.tworld_crawler - [33mWARNING[0m - ë°ì´í„°ë¥¼ ì°¾ì„ ìˆ˜ ì—†ìŠµë‹ˆë‹¤. ì¬ì‹œë„...
2025-06-06 09:04:18,050 - src.tworld_crawler - [32mINFO[0m - Chrome ë“œë¼ì´ë²„ ì„¤ì • ì™„ë£Œ (Selenium Manager ì‚¬ìš©)
2025-06-06 09:04:18,050 - src.tworld_crawler - [32mINFO[0m - í˜ì´ì§€ ë¡œë”© ì‹œì‘: https://m.shop.tworld.co.kr/notice?modelNwType=5G&saleMonth=24&dcMthdCd=10&prodId=NA00007790&prodNm=5GX+%ED%94%84%EB%9D%BC%EC%9E%84&saleYn=N&scrbTypCd=31
2025-06-06 09:04:20,612 - src.tworld_crawler - [32mINFO[0m - í˜ì´ì§€ ìš”ì†Œ ë¡œë”© ì™„ë£Œ
2025-06-06 09:04:20,612 - src.tworld_crawler - [32mINFO[0m - í˜ì´ì§€ ìŠ¤í¬ë¡¤ ì‹œì‘
2025-06-06 09:04:24,711 - src.tworld_crawler - [32mINFO[0m - ìŠ¤í¬ë¡¤ ì™„ë£Œ (ì´ 1íšŒ)
2025-06-06 09:04:26,775 - src.tworld_crawler - [32mINFO[0m - ë””ë²„ê·¸ HTML ì €ì¥: /Users/jacob/Desktop/fee-crawler/data/debug_page_20250606_090426.html
2025-06-06 09:04:27,009 - src.tworld_crawler - [32mINFO[0m - ë””ë²„ê·¸ ìŠ¤í¬ë¦°ìƒ· ì €ì¥: /Users/jacob/Desktop/fee-crawler/data/debug_screenshot_20250606_090426.png
2025-06-06 09:04:27,062 - src.parser - [32mINFO[0m - ë””ë°”ì´ìŠ¤ëª…: ê°¤ëŸ­ì‹œ S25
2025-06-06 09:04:27,065 - src.parser - [33mWARNING[0m - ë¹„ì •ìƒì ì¸ ê¸ˆì•¡ ë°œê²¬: ê³µì‹œì§€ì›ê¸ˆ=20250525, ì¶”ê°€ì§€ì›ê¸ˆ=1298000
2025-06-06 09:04:27,066 - src.parser - [33mWARNING[0m - ë¹„ì •ìƒì ì¸ ê¸ˆì•¡ ë°œê²¬: ê³µì‹œì§€ì›ê¸ˆ=20250525, ì¶”ê°€ì§€ì›ê¸ˆ=1841400
2025-06-06 09:04:27,066 - src.parser - [33mWARNING[0m - ë¹„ì •ìƒì ì¸ ê¸ˆì•¡ ë°œê²¬: ê³µì‹œì§€ì›ê¸ˆ=20250525, ì¶”ê°€ì§€ì›ê¸ˆ=1353000
2025-06-06 09:04:27,067 - src.parser - [33mWARNING[0m - ë¹„ì •ìƒì ì¸ ê¸ˆì•¡ ë°œê²¬: ê³µì‹œì§€ì›ê¸ˆ=20250525, ì¶”ê°€ì§€ì›ê¸ˆ=2127400
2025-06-06 09:04:27,067 - src.parser - [33mWARNING[0m - ë¹„ì •ìƒì ì¸ ê¸ˆì•¡ ë°œê²¬: ê³µì‹œì§€ì›ê¸ˆ=20250525, ì¶”ê°€ì§€ì›ê¸ˆ=1698400
2025-06-06 09:04:27,067 - src.parser - [33mWARNING[0m - ë¹„ì •ìƒì ì¸ ê¸ˆì•¡ ë°œê²¬: ê³µì‹œì§€ì›ê¸ˆ=20250525, ì¶”ê°€ì§€ì›ê¸ˆ=1841400
2025-06-06 09:04:27,068 - src.parser - [33mWARNING[0m - ë¹„ì •ìƒì ì¸ ê¸ˆì•¡ ë°œê²¬: ê³µì‹œì§€ì›ê¸ˆ=20250525, ì¶”ê°€ì§€ì›ê¸ˆ=1496000
2025-06-06 09:04:27,068 - src.parser - [33mWARNING[0m - ë¹„ì •ìƒì ì¸ ê¸ˆì•¡ ë°œê²¬: ê³µì‹œì§€ì›ê¸ˆ=20250525, ì¶”ê°€ì§€ì›ê¸ˆ=1155000
2025-06-06 09:04:27,068 - src.parser - [33mWARNING[0m - ë¹„ì •ìƒì ì¸ ê¸ˆì•¡ ë°œê²¬: ê³µì‹œì§€ì›ê¸ˆ=20250525, ì¶”ê°€ì§€ì›ê¸ˆ=1155000
2025-06-06 09:04:27,069 - src.parser - [33mWARNING[0m - ë¹„ì •ìƒì ì¸ ê¸ˆì•¡ ë°œê²¬: ê³µì‹œì§€ì›ê¸ˆ=20250525, ì¶”ê°€ì§€ì›ê¸ˆ=1155000
2025-06-06 09:04:27,069 - src.parser - [33mWARNING[0m - ë¹„ì •ìƒì ì¸ ê¸ˆì•¡ ë°œê²¬: ê³µì‹œì§€ì›ê¸ˆ=20250525, ì¶”ê°€ì§€ì›ê¸ˆ=1155000
2025-06-06 09:04:27,069 - src.parser - [33mWARNING[0m - ë¹„ì •ìƒì ì¸ ê¸ˆì•¡ ë°œê²¬: ê³µì‹œì§€ì›ê¸ˆ=20250525, ì¶”ê°€ì§€ì›ê¸ˆ=1298000
2025-06-06 09:04:27,070 - src.parser - [33mWARNING[0m - ë¹„ì •ìƒì ì¸ ê¸ˆì•¡ ë°œê²¬: ê³µì‹œì§€ì›ê¸ˆ=20250525, ì¶”ê°€ì§€ì›ê¸ˆ=1298000
2025-06-06 09:04:27,070 - src.parser - [33mWARNING[0m - ë¹„ì •ìƒì ì¸ ê¸ˆì•¡ ë°œê²¬: ê³µì‹œì§€ì›ê¸ˆ=20250525, ì¶”ê°€ì§€ì›ê¸ˆ=1298000
2025-06-06 09:04:27,070 - src.parser - [33mWARNING[0m - ë¹„ì •ìƒì ì¸ ê¸ˆì•¡ ë°œê²¬: ê³µì‹œì§€ì›ê¸ˆ=20250525, ì¶”ê°€ì§€ì›ê¸ˆ=1298000
2025-06-06 09:04:27,071 - src.parser - [33mWARNING[0m - ë¹„ì •ìƒì ì¸ ê¸ˆì•¡ ë°œê²¬: ê³µì‹œì§€ì›ê¸ˆ=20250525, ì¶”ê°€ì§€ì›ê¸ˆ=1353000
2025-06-06 09:04:27,071 - src.parser - [33mWARNING[0m - ë¹„ì •ìƒì ì¸ ê¸ˆì•¡ ë°œê²¬: ê³µì‹œì§€ì›ê¸ˆ=20250525, ì¶”ê°€ì§€ì›ê¸ˆ=1353000
2025-06-06 09:04:27,072 - src.parser - [33mWARNING[0m - ë¹„ì •ìƒì ì¸ ê¸ˆì•¡ ë°œê²¬: ê³µì‹œì§€ì›ê¸ˆ=20250525, ì¶”ê°€ì§€ì›ê¸ˆ=1353000
2025-06-06 09:04:27,072 - src.parser - [33mWARNING[0m - ë¹„ì •ìƒì ì¸ ê¸ˆì•¡ ë°œê²¬: ê³µì‹œì§€ì›ê¸ˆ=20250525, ì¶”ê°€ì§€ì›ê¸ˆ=1353000
2025-06-06 09:04:27,072 - src.parser - [33mWARNING[0m - ë¹„ì •ìƒì ì¸ ê¸ˆì•¡ ë°œê²¬: ê³µì‹œì§€ì›ê¸ˆ=20250525, ì¶”ê°€ì§€ì›ê¸ˆ=1496000
2025-06-06 09:04:27,139 - src.crawler - [32mINFO[0m - ë°ì´í„° ê²€ì¦ ì™„ë£Œ: 0/0 í•­ëª©
2025-06-06 09:04:27,139 - src.tworld_crawler - [33mWARNING[0m - ë°ì´í„°ë¥¼ ì°¾ì„ ìˆ˜ ì—†ìŠµë‹ˆë‹¤. ì¬ì‹œë„...
2025-06-06 09:04:30,585 - src.tworld_crawler - [32mINFO[0m - Chrome ë“œë¼ì´ë²„ ì„¤ì • ì™„ë£Œ (Selenium Manager ì‚¬ìš©)
2025-06-06 09:04:30,586 - src.tworld_crawler - [32mINFO[0m - í˜ì´ì§€ ë¡œë”© ì‹œì‘: https://m.shop.tworld.co.kr/notice?modelNwType=5G&saleMonth=24&dcMthdCd=10&prodId=NA00007790&prodNm=5GX+%ED%94%84%EB%9D%BC%EC%9E%84&saleYn=N&scrbTypCd=31
2025-06-06 09:04:33,103 - src.tworld_crawler - [32mINFO[0m - í˜ì´ì§€ ìš”ì†Œ ë¡œë”© ì™„ë£Œ
2025-06-06 09:04:33,103 - src.tworld_crawler - [32mINFO[0m - í˜ì´ì§€ ìŠ¤í¬ë¡¤ ì‹œì‘
2025-06-06 09:04:36,844 - src.tworld_crawler - [32mINFO[0m - ìŠ¤í¬ë¡¤ ì™„ë£Œ (ì´ 1íšŒ)
2025-06-06 09:04:38,907 - src.tworld_crawler - [32mINFO[0m - ë””ë²„ê·¸ HTML ì €ì¥: /Users/jacob/Desktop/fee-crawler/data/debug_page_20250606_090438.html
2025-06-06 09:04:39,262 - src.tworld_crawler - [32mINFO[0m - ë””ë²„ê·¸ ìŠ¤í¬ë¦°ìƒ· ì €ì¥: /Users/jacob/Desktop/fee-crawler/data/debug_screenshot_20250606_090439.png
2025-06-06 09:04:39,315 - src.parser - [32mINFO[0m - ë””ë°”ì´ìŠ¤ëª…: ê°¤ëŸ­ì‹œ S25
2025-06-06 09:04:39,318 - src.parser - [33mWARNING[0m - ë¹„ì •ìƒì ì¸ ê¸ˆì•¡ ë°œê²¬: ê³µì‹œì§€ì›ê¸ˆ=20250525, ì¶”ê°€ì§€ì›ê¸ˆ=1298000
2025-06-06 09:04:39,319 - src.parser - [33mWARNING[0m - ë¹„ì •ìƒì ì¸ ê¸ˆì•¡ ë°œê²¬: ê³µì‹œì§€ì›ê¸ˆ=20250525, ì¶”ê°€ì§€ì›ê¸ˆ=1841400
2025-06-06 09:04:39,319 - src.parser - [33mWARNING[0m - ë¹„ì •ìƒì ì¸ ê¸ˆì•¡ ë°œê²¬: ê³µì‹œì§€ì›ê¸ˆ=20250525, ì¶”ê°€ì§€ì›ê¸ˆ=1353000
2025-06-06 09:04:39,319 - src.parser - [33mWARNING[0m - ë¹„ì •ìƒì ì¸ ê¸ˆì•¡ ë°œê²¬: ê³µì‹œì§€ì›ê¸ˆ=20250525, ì¶”ê°€ì§€ì›ê¸ˆ=2127400
2025-06-06 09:04:39,320 - src.parser - [33mWARNING[0m - ë¹„ì •ìƒì ì¸ ê¸ˆì•¡ ë°œê²¬: ê³µì‹œì§€ì›ê¸ˆ=20250525, ì¶”ê°€ì§€ì›ê¸ˆ=1698400
2025-06-06 09:04:39,320 - src.parser - [33mWARNING[0m - ë¹„ì •ìƒì ì¸ ê¸ˆì•¡ ë°œê²¬: ê³µì‹œì§€ì›ê¸ˆ=20250525, ì¶”ê°€ì§€ì›ê¸ˆ=1841400
2025-06-06 09:04:39,320 - src.parser - [33mWARNING[0m - ë¹„ì •ìƒì ì¸ ê¸ˆì•¡ ë°œê²¬: ê³µì‹œì§€ì›ê¸ˆ=20250525, ì¶”ê°€ì§€ì›ê¸ˆ=1496000
2025-06-06 09:04:39,321 - src.parser - [33mWARNING[0m - ë¹„ì •ìƒì ì¸ ê¸ˆì•¡ ë°œê²¬: ê³µì‹œì§€ì›ê¸ˆ=20250525, ì¶”ê°€ì§€ì›ê¸ˆ=1155000
2025-06-06 09:04:39,321 - src.parser - [33mWARNING[0m - ë¹„ì •ìƒì ì¸ ê¸ˆì•¡ ë°œê²¬: ê³µì‹œì§€ì›ê¸ˆ=20250525, ì¶”ê°€ì§€ì›ê¸ˆ=1155000
2025-06-06 09:04:39,322 - src.parser - [33mWARNING[0m - ë¹„ì •ìƒì ì¸ ê¸ˆì•¡ ë°œê²¬: ê³µì‹œì§€ì›ê¸ˆ=20250525, ì¶”ê°€ì§€ì›ê¸ˆ=1155000
2025-06-06 09:04:39,322 - src.parser - [33mWARNING[0m - ë¹„ì •ìƒì ì¸ ê¸ˆì•¡ ë°œê²¬: ê³µì‹œì§€ì›ê¸ˆ=20250525, ì¶”ê°€ì§€ì›ê¸ˆ=1155000
2025-06-06 09:04:39,322 - src.parser - [33mWARNING[0m - ë¹„ì •ìƒì ì¸ ê¸ˆì•¡ ë°œê²¬: ê³µì‹œì§€ì›ê¸ˆ=20250525, ì¶”ê°€ì§€ì›ê¸ˆ=1298000
2025-06-06 09:04:39,323 - src.parser - [33mWARNING[0m - ë¹„ì •ìƒì ì¸ ê¸ˆì•¡ ë°œê²¬: ê³µì‹œì§€ì›ê¸ˆ=20250525, ì¶”ê°€ì§€ì›ê¸ˆ=1298000
2025-06-06 09:04:39,323 - src.parser - [33mWARNING[0m - ë¹„ì •ìƒì ì¸ ê¸ˆì•¡ ë°œê²¬: ê³µì‹œì§€ì›ê¸ˆ=20250525, ì¶”ê°€ì§€ì›ê¸ˆ=1298000
2025-06-06 09:04:39,323 - src.parser - [33mWARNING[0m - ë¹„ì •ìƒì ì¸ ê¸ˆì•¡ ë°œê²¬: ê³µì‹œì§€ì›ê¸ˆ=20250525, ì¶”ê°€ì§€ì›ê¸ˆ=1298000
2025-06-06 09:04:39,324 - src.parser - [33mWARNING[0m - ë¹„ì •ìƒì ì¸ ê¸ˆì•¡ ë°œê²¬: ê³µì‹œì§€ì›ê¸ˆ=20250525, ì¶”ê°€ì§€ì›ê¸ˆ=1353000
2025-06-06 09:04:39,324 - src.parser - [33mWARNING[0m - ë¹„ì •ìƒì ì¸ ê¸ˆì•¡ ë°œê²¬: ê³µì‹œì§€ì›ê¸ˆ=20250525, ì¶”ê°€ì§€ì›ê¸ˆ=1353000
2025-06-06 09:04:39,324 - src.parser - [33mWARNING[0m - ë¹„ì •ìƒì ì¸ ê¸ˆì•¡ ë°œê²¬: ê³µì‹œì§€ì›ê¸ˆ=20250525, ì¶”ê°€ì§€ì›ê¸ˆ=1353000
2025-06-06 09:04:39,325 - src.parser - [33mWARNING[0m - ë¹„ì •ìƒì ì¸ ê¸ˆì•¡ ë°œê²¬: ê³µì‹œì§€ì›ê¸ˆ=20250525, ì¶”ê°€ì§€ì›ê¸ˆ=1353000
2025-06-06 09:04:39,325 - src.parser - [33mWARNING[0m - ë¹„ì •ìƒì ì¸ ê¸ˆì•¡ ë°œê²¬: ê³µì‹œì§€ì›ê¸ˆ=20250525, ì¶”ê°€ì§€ì›ê¸ˆ=1496000
2025-06-06 09:04:39,392 - src.crawler - [32mINFO[0m - ë°ì´í„° ê²€ì¦ ì™„ë£Œ: 0/0 í•­ëª©
2025-06-06 09:04:39,392 - src.tworld_crawler - [33mWARNING[0m - ë°ì´í„°ë¥¼ ì°¾ì„ ìˆ˜ ì—†ìŠµë‹ˆë‹¤. ì¬ì‹œë„...
2025-06-06 09:04:41,504 - src.tworld_crawler - [31mERROR[0m - ëª¨ë“  ì¬ì‹œë„ ì‹¤íŒ¨. ë°ì´í„°ë¥¼ ìˆ˜ì§‘í•  ìˆ˜ ì—†ìŠµë‹ˆë‹¤.
2025-06-06 09:04:41,505 - __main__ - [31mERROR[0m - ë°ì´í„°ë¥¼ ìˆ˜ì§‘í•  ìˆ˜ ì—†ìŠµë‹ˆë‹¤.
2025-06-06 09:06:03,323 - __main__ - [32mINFO[0m - í˜ì´ì§€ ë¶„ì„ ì‹œì‘: https://m.shop.tworld.co.kr/notice?modelNwType=5G&saleMonth=24&dcMthdCd=10&prodId=NA00007790
2025-06-06 09:06:05,239 - __main__ - [32mINFO[0m - Chrome ë“œë¼ì´ë²„ ì„¤ì • ì™„ë£Œ (Selenium Manager ì‚¬ìš©)
2025-06-06 09:09:33,170 - __main__ - [32mINFO[0m - í¬ë¡¤ë§ ì‹œì‘...
2025-06-06 09:09:35,092 - src.tworld_crawler - [32mINFO[0m - Chrome ë“œë¼ì´ë²„ ì„¤ì • ì™„ë£Œ (Selenium Manager ì‚¬ìš©)
2025-06-06 09:09:35,092 - src.tworld_crawler - [32mINFO[0m - í˜ì´ì§€ ë¡œë”© ì‹œì‘: https://m.shop.tworld.co.kr/notice?modelNwType=5G&saleMonth=24&dcMthdCd=10&prodId=NA00007790&prodNm=5GX+%ED%94%84%EB%9D%BC%EC%9E%84&saleYn=N&scrbTypCd=31
2025-06-06 09:09:37,600 - src.tworld_crawler - [32mINFO[0m - í˜ì´ì§€ ìš”ì†Œ ë¡œë”© ì™„ë£Œ
2025-06-06 09:09:37,600 - src.tworld_crawler - [32mINFO[0m - í˜ì´ì§€ ìŠ¤í¬ë¡¤ ì‹œì‘
2025-06-06 09:09:41,461 - src.tworld_crawler - [32mINFO[0m - ìŠ¤í¬ë¡¤ ì™„ë£Œ (ì´ 1íšŒ)
2025-06-06 09:09:43,519 - src.tworld_crawler - [32mINFO[0m - ë””ë²„ê·¸ HTML ì €ì¥: /Users/jacob/Desktop/fee-crawler/data/debug_page_20250606_090943.html
2025-06-06 09:09:43,928 - src.tworld_crawler - [32mINFO[0m - ë””ë²„ê·¸ ìŠ¤í¬ë¦°ìƒ· ì €ì¥: /Users/jacob/Desktop/fee-crawler/data/debug_screenshot_20250606_090943.png
2025-06-06 09:09:44,007 - src.parser - [32mINFO[0m - ë””ë°”ì´ìŠ¤ëª…: 5GX í”„ë¼ì„
2025-06-06 09:09:44,013 - src.parser - [32mINFO[0m - ë°ì´í„° ì¶”ê°€: {'public_support_fee': 680000, 'additional_support_fee': 0, 'device_name': '5GX í”„ë¼ì„', 'plan_name': 'ê¸ˆì•¡\n\n782', 'total_support_fee': 680000}
2025-06-06 09:09:44,020 - src.parser - [32mINFO[0m - í…Œì´ë¸” ë°ì´í„° ì¶”ê°€: ê°¤ëŸ­ì‹œ S25512G, ê³µì‹œì§€ì›ê¸ˆ: 680,000ì›
2025-06-06 09:09:44,020 - src.parser - [32mINFO[0m - í…Œì´ë¸” ë°ì´í„° ì¶”ê°€: ê°¤ëŸ­ì‹œ S25 ìš¸íŠ¸ë¼_512G, ê³µì‹œì§€ì›ê¸ˆ: 680,000ì›
2025-06-06 09:09:44,021 - src.parser - [32mINFO[0m - í…Œì´ë¸” ë°ì´í„° ì¶”ê°€: ê°¤ëŸ­ì‹œ S25+256G, ê³µì‹œì§€ì›ê¸ˆ: 680,000ì›
2025-06-06 09:09:44,021 - src.parser - [32mINFO[0m - í…Œì´ë¸” ë°ì´í„° ì¶”ê°€: ê°¤ëŸ­ì‹œ S25 ìš¸íŠ¸ë¼1T, ê³µì‹œì§€ì›ê¸ˆ: 680,000ì›
2025-06-06 09:09:44,022 - src.parser - [32mINFO[0m - í…Œì´ë¸” ë°ì´í„° ì¶”ê°€: ê°¤ëŸ­ì‹œ S25 ìš¸íŠ¸ë¼256G, ê³µì‹œì§€ì›ê¸ˆ: 680,000ì›
2025-06-06 09:09:44,022 - src.parser - [32mINFO[0m - í…Œì´ë¸” ë°ì´í„° ì¶”ê°€: ê°¤ëŸ­ì‹œ S25 ìš¸íŠ¸ë¼512G, ê³µì‹œì§€ì›ê¸ˆ: 680,000ì›
2025-06-06 09:09:44,023 - src.parser - [32mINFO[0m - í…Œì´ë¸” ë°ì´í„° ì¶”ê°€: ê°¤ëŸ­ì‹œ S25+512G, ê³µì‹œì§€ì›ê¸ˆ: 680,000ì›
2025-06-06 09:09:44,023 - src.parser - [32mINFO[0m - í…Œì´ë¸” ë°ì´í„° ì¶”ê°€: ê°¤ëŸ­ì‹œ S25, ê³µì‹œì§€ì›ê¸ˆ: 680,000ì›
2025-06-06 09:09:44,024 - src.parser - [32mINFO[0m - í…Œì´ë¸” ë°ì´í„° ì¶”ê°€: ê°¤ëŸ­ì‹œ S25_512G, ê³µì‹œì§€ì›ê¸ˆ: 680,000ì›
2025-06-06 09:09:44,025 - src.parser - [32mINFO[0m - í…Œì´ë¸” ë°ì´í„° ì¶”ê°€: ê°¤ëŸ­ì‹œ S25+, ê³µì‹œì§€ì›ê¸ˆ: 680,000ì›
2025-06-06 09:09:44,027 - src.parser - [32mINFO[0m - í…Œì´ë¸” ë°ì´í„° ì¶”ê°€: ê°¤ëŸ­ì‹œ S25+_512G, ê³µì‹œì§€ì›ê¸ˆ: 680,000ì›
2025-06-06 09:09:44,027 - src.parser - [32mINFO[0m - ì´ 12ê°œ ë°ì´í„° íŒŒì‹± ì™„ë£Œ
2025-06-06 09:09:44,027 - src.crawler - [32mINFO[0m - ë°ì´í„° ê²€ì¦ ì™„ë£Œ: 12/12 í•­ëª©
2025-06-06 09:09:44,027 - src.tworld_crawler - [32mINFO[0m - í¬ë¡¤ë§ ì„±ê³µ: 12ê°œ ë°ì´í„° ìˆ˜ì§‘
2025-06-06 09:09:44,143 - src.crawler - [32mINFO[0m - CSV ì €ì¥ ì™„ë£Œ: /Users/jacob/Desktop/fee-crawler/data/tworld_fee_20250606_090933.csv
2025-06-06 09:09:44,327 - src.crawler - [32mINFO[0m - Excel ì €ì¥ ì™„ë£Œ: /Users/jacob/Desktop/fee-crawler/data/tworld_fee_20250606_090933.xlsx
2025-06-06 09:09:44,327 - src.crawler - [32mINFO[0m - JSON ì €ì¥ ì™„ë£Œ: /Users/jacob/Desktop/fee-crawler/data/tworld_fee_20250606_090933.json
2025-06-06 09:09:44,330 - __main__ - [32mINFO[0m - í¬ë¡¤ë§ ì™„ë£Œ!
2025-06-06 09:13:01,970 - __main__ - [32mINFO[0m - ì „ì²´ í¬ë¡¤ë§ ëª¨ë“œ ì‹œì‘...
2025-06-06 09:13:01,970 - src.tworld_full_crawler - [32mINFO[0m - í•„í„° ì˜µì…˜ ìˆ˜ì§‘ ì‹œì‘
2025-06-06 09:13:04,318 - src.tworld_crawler - [32mINFO[0m - Chrome ë“œë¼ì´ë²„ ì„¤ì • ì™„ë£Œ (Selenium Manager ì‚¬ìš©)
2025-06-06 09:13:18,268 - src.tworld_full_crawler - [32mINFO[0m - ì•½ì • ê¸°ê°„: ['12', '24']
2025-06-06 09:13:18,281 - src.tworld_full_crawler - [32mINFO[0m - ê°€ì… ìœ í˜•: ['31']
2025-06-06 09:13:18,372 - src.tworld_full_crawler - [32mINFO[0m - ì´ 4ê°œ ì¡°í•© í¬ë¡¤ë§ ì‹œì‘
2025-06-06 09:13:18,372 - src.tworld_full_crawler - [32mINFO[0m - [1/4] 5G, 12ê°œì›”, ê°€ì…ìœ í˜•:31
2025-06-06 09:13:19,633 - src.tworld_crawler - [32mINFO[0m - Chrome ë“œë¼ì´ë²„ ì„¤ì • ì™„ë£Œ (Selenium Manager ì‚¬ìš©)
2025-06-06 09:13:22,146 - src.tworld_crawler - [32mINFO[0m - í˜ì´ì§€ ìš”ì†Œ ë¡œë”© ì™„ë£Œ
2025-06-06 09:13:24,232 - src.parser - [32mINFO[0m - ë””ë°”ì´ìŠ¤ëª…: 5GX í”„ë¼ì„
2025-06-06 09:13:24,237 - src.parser - [32mINFO[0m - ë°ì´í„° ì¶”ê°€: {'public_support_fee': 680000, 'additional_support_fee': 0, 'device_name': '5GX í”„ë¼ì„', 'plan_name': 'ê¸ˆì•¡\n\n782', 'total_support_fee': 680000}
2025-06-06 09:13:24,244 - src.parser - [32mINFO[0m - í…Œì´ë¸” ë°ì´í„° ì¶”ê°€: ê°¤ëŸ­ì‹œ S25512G, ê³µì‹œì§€ì›ê¸ˆ: 680,000ì›
2025-06-06 09:13:24,244 - src.parser - [32mINFO[0m - í…Œì´ë¸” ë°ì´í„° ì¶”ê°€: ê°¤ëŸ­ì‹œ S25 ìš¸íŠ¸ë¼_512G, ê³µì‹œì§€ì›ê¸ˆ: 680,000ì›
2025-06-06 09:13:24,245 - src.parser - [32mINFO[0m - í…Œì´ë¸” ë°ì´í„° ì¶”ê°€: ê°¤ëŸ­ì‹œ S25+256G, ê³µì‹œì§€ì›ê¸ˆ: 680,000ì›
2025-06-06 09:13:24,245 - src.parser - [32mINFO[0m - í…Œì´ë¸” ë°ì´í„° ì¶”ê°€: ê°¤ëŸ­ì‹œ S25 ìš¸íŠ¸ë¼1T, ê³µì‹œì§€ì›ê¸ˆ: 680,000ì›
2025-06-06 09:13:24,245 - src.parser - [32mINFO[0m - í…Œì´ë¸” ë°ì´í„° ì¶”ê°€: ê°¤ëŸ­ì‹œ S25 ìš¸íŠ¸ë¼256G, ê³µì‹œì§€ì›ê¸ˆ: 680,000ì›
2025-06-06 09:13:24,246 - src.parser - [32mINFO[0m - í…Œì´ë¸” ë°ì´í„° ì¶”ê°€: ê°¤ëŸ­ì‹œ S25 ìš¸íŠ¸ë¼512G, ê³µì‹œì§€ì›ê¸ˆ: 680,000ì›
2025-06-06 09:13:24,246 - src.parser - [32mINFO[0m - í…Œì´ë¸” ë°ì´í„° ì¶”ê°€: ê°¤ëŸ­ì‹œ S25+512G, ê³µì‹œì§€ì›ê¸ˆ: 680,000ì›
2025-06-06 09:13:24,246 - src.parser - [32mINFO[0m - í…Œì´ë¸” ë°ì´í„° ì¶”ê°€: ê°¤ëŸ­ì‹œ S25, ê³µì‹œì§€ì›ê¸ˆ: 680,000ì›
2025-06-06 09:13:24,247 - src.parser - [32mINFO[0m - í…Œì´ë¸” ë°ì´í„° ì¶”ê°€: ê°¤ëŸ­ì‹œ S25_512G, ê³µì‹œì§€ì›ê¸ˆ: 680,000ì›
2025-06-06 09:13:24,248 - src.parser - [32mINFO[0m - í…Œì´ë¸” ë°ì´í„° ì¶”ê°€: ê°¤ëŸ­ì‹œ S25+, ê³µì‹œì§€ì›ê¸ˆ: 680,000ì›
2025-06-06 09:13:24,250 - src.parser - [32mINFO[0m - í…Œì´ë¸” ë°ì´í„° ì¶”ê°€: ê°¤ëŸ­ì‹œ S25+_512G, ê³µì‹œì§€ì›ê¸ˆ: 680,000ì›
2025-06-06 09:13:24,250 - src.parser - [32mINFO[0m - ì´ 12ê°œ ë°ì´í„° íŒŒì‹± ì™„ë£Œ
2025-06-06 09:13:24,250 - src.tworld_full_crawler - [32mINFO[0m - í˜ì´ì§€ì—ì„œ 12ê°œ ë°ì´í„° ìˆ˜ì§‘
2025-06-06 09:13:25,520 - src.tworld_crawler - [32mINFO[0m - Chrome ë“œë¼ì´ë²„ ì„¤ì • ì™„ë£Œ (Selenium Manager ì‚¬ìš©)
2025-06-06 09:13:27,960 - src.tworld_crawler - [32mINFO[0m - í˜ì´ì§€ ìš”ì†Œ ë¡œë”© ì™„ë£Œ
2025-06-06 09:13:42,122 - src.tworld_full_crawler - [32mINFO[0m - [2/4] 5G, 24ê°œì›”, ê°€ì…ìœ í˜•:31
2025-06-06 09:13:43,440 - src.tworld_crawler - [32mINFO[0m - Chrome ë“œë¼ì´ë²„ ì„¤ì • ì™„ë£Œ (Selenium Manager ì‚¬ìš©)
2025-06-06 09:13:45,843 - src.tworld_crawler - [32mINFO[0m - í˜ì´ì§€ ìš”ì†Œ ë¡œë”© ì™„ë£Œ
2025-06-06 09:13:47,975 - src.parser - [32mINFO[0m - ë””ë°”ì´ìŠ¤ëª…: 5GX í”„ë¼ì„
2025-06-06 09:13:47,979 - src.parser - [32mINFO[0m - ë°ì´í„° ì¶”ê°€: {'public_support_fee': 680000, 'additional_support_fee': 0, 'device_name': '5GX í”„ë¼ì„', 'plan_name': 'ê¸ˆì•¡\n\n782', 'total_support_fee': 680000}
2025-06-06 09:13:47,986 - src.parser - [32mINFO[0m - í…Œì´ë¸” ë°ì´í„° ì¶”ê°€: ê°¤ëŸ­ì‹œ S25512G, ê³µì‹œì§€ì›ê¸ˆ: 680,000ì›
2025-06-06 09:13:47,987 - src.parser - [32mINFO[0m - í…Œì´ë¸” ë°ì´í„° ì¶”ê°€: ê°¤ëŸ­ì‹œ S25 ìš¸íŠ¸ë¼_512G, ê³µì‹œì§€ì›ê¸ˆ: 680,000ì›
2025-06-06 09:13:47,987 - src.parser - [32mINFO[0m - í…Œì´ë¸” ë°ì´í„° ì¶”ê°€: ê°¤ëŸ­ì‹œ S25+256G, ê³µì‹œì§€ì›ê¸ˆ: 680,000ì›
2025-06-06 09:13:47,988 - src.parser - [32mINFO[0m - í…Œì´ë¸” ë°ì´í„° ì¶”ê°€: ê°¤ëŸ­ì‹œ S25 ìš¸íŠ¸ë¼1T, ê³µì‹œì§€ì›ê¸ˆ: 680,000ì›
2025-06-06 09:13:47,988 - src.parser - [32mINFO[0m - í…Œì´ë¸” ë°ì´í„° ì¶”ê°€: ê°¤ëŸ­ì‹œ S25 ìš¸íŠ¸ë¼256G, ê³µì‹œì§€ì›ê¸ˆ: 680,000ì›
2025-06-06 09:13:47,989 - src.parser - [32mINFO[0m - í…Œì´ë¸” ë°ì´í„° ì¶”ê°€: ê°¤ëŸ­ì‹œ S25 ìš¸íŠ¸ë¼512G, ê³µì‹œì§€ì›ê¸ˆ: 680,000ì›
2025-06-06 09:13:47,989 - src.parser - [32mINFO[0m - í…Œì´ë¸” ë°ì´í„° ì¶”ê°€: ê°¤ëŸ­ì‹œ S25+512G, ê³µì‹œì§€ì›ê¸ˆ: 680,000ì›
2025-06-06 09:13:47,989 - src.parser - [32mINFO[0m - í…Œì´ë¸” ë°ì´í„° ì¶”ê°€: ê°¤ëŸ­ì‹œ S25, ê³µì‹œì§€ì›ê¸ˆ: 680,000ì›
2025-06-06 09:13:47,990 - src.parser - [32mINFO[0m - í…Œì´ë¸” ë°ì´í„° ì¶”ê°€: ê°¤ëŸ­ì‹œ S25_512G, ê³µì‹œì§€ì›ê¸ˆ: 680,000ì›
2025-06-06 09:13:47,992 - src.parser - [32mINFO[0m - í…Œì´ë¸” ë°ì´í„° ì¶”ê°€: ê°¤ëŸ­ì‹œ S25+, ê³µì‹œì§€ì›ê¸ˆ: 680,000ì›
2025-06-06 09:13:47,993 - src.parser - [32mINFO[0m - í…Œì´ë¸” ë°ì´í„° ì¶”ê°€: ê°¤ëŸ­ì‹œ S25+_512G, ê³µì‹œì§€ì›ê¸ˆ: 680,000ì›
2025-06-06 09:13:47,993 - src.parser - [32mINFO[0m - ì´ 12ê°œ ë°ì´í„° íŒŒì‹± ì™„ë£Œ
2025-06-06 09:13:47,993 - src.tworld_full_crawler - [32mINFO[0m - í˜ì´ì§€ì—ì„œ 12ê°œ ë°ì´í„° ìˆ˜ì§‘
2025-06-06 09:13:49,281 - src.tworld_crawler - [32mINFO[0m - Chrome ë“œë¼ì´ë²„ ì„¤ì • ì™„ë£Œ (Selenium Manager ì‚¬ìš©)
2025-06-06 09:13:51,690 - src.tworld_crawler - [32mINFO[0m - í˜ì´ì§€ ìš”ì†Œ ë¡œë”© ì™„ë£Œ
2025-06-06 09:14:05,843 - src.tworld_full_crawler - [32mINFO[0m - [3/4] LTE, 12ê°œì›”, ê°€ì…ìœ í˜•:31
2025-06-06 09:14:07,219 - src.tworld_crawler - [32mINFO[0m - Chrome ë“œë¼ì´ë²„ ì„¤ì • ì™„ë£Œ (Selenium Manager ì‚¬ìš©)
2025-06-06 09:14:09,810 - src.tworld_crawler - [32mINFO[0m - í˜ì´ì§€ ìš”ì†Œ ë¡œë”© ì™„ë£Œ
2025-06-06 09:14:11,900 - src.parser - [32mINFO[0m - ë””ë°”ì´ìŠ¤ëª…: LTE Watch(ê³µìœ II)
2025-06-06 09:14:11,906 - src.parser - [32mINFO[0m - ë°ì´í„° ì¶”ê°€: {'public_support_fee': 300000, 'additional_support_fee': 0, 'device_name': 'LTE Watch(ê³µìœ II)', 'plan_name': 'ê¸ˆì•¡\n\n300', 'total_support_fee': 300000}
2025-06-06 09:14:11,906 - src.parser - [32mINFO[0m - ë°ì´í„° ì¶”ê°€: {'public_support_fee': 200000, 'additional_support_fee': 0, 'device_name': 'LTE Watch(ê³µìœ II)', 'plan_name': 'ê¸ˆì•¡\n\n200', 'total_support_fee': 200000}
2025-06-06 09:14:11,909 - src.parser - [32mINFO[0m - ë°ì´í„° ì¶”ê°€: {'public_support_fee': 150000, 'additional_support_fee': 0, 'device_name': 'LTE Watch(ê³µìœ II)', 'plan_name': 'ê¸ˆì•¡\n\n150', 'total_support_fee': 150000}
2025-06-06 09:14:11,913 - src.parser - [32mINFO[0m - í…Œì´ë¸” ë°ì´í„° ì¶”ê°€: ê°¤ëŸ­ì‹œ ì›Œì¹˜ ìš¸íŠ¸ë¼ 47mm32G, ê³µì‹œì§€ì›ê¸ˆ: 300,000ì›
2025-06-06 09:14:11,914 - src.parser - [32mINFO[0m - í…Œì´ë¸” ë°ì´í„° ì¶”ê°€: ê°¤ëŸ­ì‹œ ì›Œì¹˜6 44mm16G, ê³µì‹œì§€ì›ê¸ˆ: 200,000ì›
2025-06-06 09:14:11,914 - src.parser - [32mINFO[0m - í…Œì´ë¸” ë°ì´í„° ì¶”ê°€: ê°¤ëŸ­ì‹œ ì›Œì¹˜6 í´ë˜ì‹ 47mm16G, ê³µì‹œì§€ì›ê¸ˆ: 200,000ì›
2025-06-06 09:14:11,917 - src.parser - [32mINFO[0m - í…Œì´ë¸” ë°ì´í„° ì¶”ê°€: Apple Watch SE 40mm (2022)32G, ê³µì‹œì§€ì›ê¸ˆ: 200,000ì›
2025-06-06 09:14:11,918 - src.parser - [32mINFO[0m - í…Œì´ë¸” ë°ì´í„° ì¶”ê°€: ê°¤ëŸ­ì‹œ ì›Œì¹˜6 40mm16G, ê³µì‹œì§€ì›ê¸ˆ: 200,000ì›
2025-06-06 09:14:11,920 - src.parser - [32mINFO[0m - í…Œì´ë¸” ë°ì´í„° ì¶”ê°€: Apple Watch SE 44mm (2022)32G, ê³µì‹œì§€ì›ê¸ˆ: 200,000ì›
2025-06-06 09:14:11,921 - src.parser - [32mINFO[0m - í…Œì´ë¸” ë°ì´í„° ì¶”ê°€: Apple Watch SE 40mm (2024)32G, ê³µì‹œì§€ì›ê¸ˆ: 200,000ì›
2025-06-06 09:14:11,921 - src.parser - [32mINFO[0m - í…Œì´ë¸” ë°ì´í„° ì¶”ê°€: ê°¤ëŸ­ì‹œ ì›Œì¹˜6 í´ë˜ì‹ 43mm16G, ê³µì‹œì§€ì›ê¸ˆ: 200,000ì›
2025-06-06 09:14:11,923 - src.parser - [32mINFO[0m - í…Œì´ë¸” ë°ì´í„° ì¶”ê°€: ê°¤ëŸ­ì‹œ ì›Œì¹˜7 40mm32G, ê³µì‹œì§€ì›ê¸ˆ: 150,000ì›
2025-06-06 09:14:11,924 - src.parser - [32mINFO[0m - í…Œì´ë¸” ë°ì´í„° ì¶”ê°€: ê°¤ëŸ­ì‹œ ì›Œì¹˜7 44mm32G, ê³µì‹œì§€ì›ê¸ˆ: 150,000ì›
2025-06-06 09:14:11,924 - src.parser - [32mINFO[0m - ì´ 13ê°œ ë°ì´í„° íŒŒì‹± ì™„ë£Œ
2025-06-06 09:14:11,924 - src.tworld_full_crawler - [32mINFO[0m - í˜ì´ì§€ì—ì„œ 13ê°œ ë°ì´í„° ìˆ˜ì§‘
2025-06-06 09:14:13,202 - src.tworld_crawler - [32mINFO[0m - Chrome ë“œë¼ì´ë²„ ì„¤ì • ì™„ë£Œ (Selenium Manager ì‚¬ìš©)
2025-06-06 09:14:15,593 - src.tworld_crawler - [32mINFO[0m - í˜ì´ì§€ ìš”ì†Œ ë¡œë”© ì™„ë£Œ
2025-06-06 09:14:29,756 - src.tworld_full_crawler - [32mINFO[0m - [4/4] LTE, 24ê°œì›”, ê°€ì…ìœ í˜•:31
2025-06-06 09:14:31,065 - src.tworld_crawler - [32mINFO[0m - Chrome ë“œë¼ì´ë²„ ì„¤ì • ì™„ë£Œ (Selenium Manager ì‚¬ìš©)
2025-06-06 09:14:33,439 - src.tworld_crawler - [32mINFO[0m - í˜ì´ì§€ ìš”ì†Œ ë¡œë”© ì™„ë£Œ
2025-06-06 09:14:35,529 - src.parser - [32mINFO[0m - ë””ë°”ì´ìŠ¤ëª…: LTE Watch(ê³µìœ II)
2025-06-06 09:14:35,534 - src.parser - [32mINFO[0m - ë°ì´í„° ì¶”ê°€: {'public_support_fee': 300000, 'additional_support_fee': 0, 'device_name': 'LTE Watch(ê³µìœ II)', 'plan_name': 'ê¸ˆì•¡\n\n300', 'total_support_fee': 300000}
2025-06-06 09:14:35,534 - src.parser - [32mINFO[0m - ë°ì´í„° ì¶”ê°€: {'public_support_fee': 200000, 'additional_support_fee': 0, 'device_name': 'LTE Watch(ê³µìœ II)', 'plan_name': 'ê¸ˆì•¡\n\n200', 'total_support_fee': 200000}
2025-06-06 09:14:35,536 - src.parser - [32mINFO[0m - ë°ì´í„° ì¶”ê°€: {'public_support_fee': 150000, 'additional_support_fee': 0, 'device_name': 'LTE Watch(ê³µìœ II)', 'plan_name': 'ê¸ˆì•¡\n\n150', 'total_support_fee': 150000}
2025-06-06 09:14:35,541 - src.parser - [32mINFO[0m - í…Œì´ë¸” ë°ì´í„° ì¶”ê°€: ê°¤ëŸ­ì‹œ ì›Œì¹˜ ìš¸íŠ¸ë¼ 47mm32G, ê³µì‹œì§€ì›ê¸ˆ: 300,000ì›
2025-06-06 09:14:35,542 - src.parser - [32mINFO[0m - í…Œì´ë¸” ë°ì´í„° ì¶”ê°€: ê°¤ëŸ­ì‹œ ì›Œì¹˜6 44mm16G, ê³µì‹œì§€ì›ê¸ˆ: 200,000ì›
2025-06-06 09:14:35,542 - src.parser - [32mINFO[0m - í…Œì´ë¸” ë°ì´í„° ì¶”ê°€: ê°¤ëŸ­ì‹œ ì›Œì¹˜6 í´ë˜ì‹ 47mm16G, ê³µì‹œì§€ì›ê¸ˆ: 200,000ì›
2025-06-06 09:14:35,542 - src.parser - [32mINFO[0m - í…Œì´ë¸” ë°ì´í„° ì¶”ê°€: Apple Watch SE 40mm (2022)32G, ê³µì‹œì§€ì›ê¸ˆ: 200,000ì›
2025-06-06 09:14:35,543 - src.parser - [32mINFO[0m - í…Œì´ë¸” ë°ì´í„° ì¶”ê°€: ê°¤ëŸ­ì‹œ ì›Œì¹˜6 40mm16G, ê³µì‹œì§€ì›ê¸ˆ: 200,000ì›
2025-06-06 09:14:35,544 - src.parser - [32mINFO[0m - í…Œì´ë¸” ë°ì´í„° ì¶”ê°€: Apple Watch SE 44mm (2022)32G, ê³µì‹œì§€ì›ê¸ˆ: 200,000ì›
2025-06-06 09:14:35,544 - src.parser - [32mINFO[0m - í…Œì´ë¸” ë°ì´í„° ì¶”ê°€: Apple Watch SE 40mm (2024)32G, ê³µì‹œì§€ì›ê¸ˆ: 200,000ì›
2025-06-06 09:14:35,545 - src.parser - [32mINFO[0m - í…Œì´ë¸” ë°ì´í„° ì¶”ê°€: ê°¤ëŸ­ì‹œ ì›Œì¹˜6 í´ë˜ì‹ 43mm16G, ê³µì‹œì§€ì›ê¸ˆ: 200,000ì›
2025-06-06 09:14:35,547 - src.parser - [32mINFO[0m - í…Œì´ë¸” ë°ì´í„° ì¶”ê°€: ê°¤ëŸ­ì‹œ ì›Œì¹˜7 40mm32G, ê³µì‹œì§€ì›ê¸ˆ: 150,000ì›
2025-06-06 09:14:35,548 - src.parser - [32mINFO[0m - í…Œì´ë¸” ë°ì´í„° ì¶”ê°€: ê°¤ëŸ­ì‹œ ì›Œì¹˜7 44mm32G, ê³µì‹œì§€ì›ê¸ˆ: 150,000ì›
2025-06-06 09:14:35,548 - src.parser - [32mINFO[0m - ì´ 13ê°œ ë°ì´í„° íŒŒì‹± ì™„ë£Œ
2025-06-06 09:14:35,548 - src.tworld_full_crawler - [32mINFO[0m - í˜ì´ì§€ì—ì„œ 13ê°œ ë°ì´í„° ìˆ˜ì§‘
2025-06-06 09:14:37,003 - src.tworld_crawler - [32mINFO[0m - Chrome ë“œë¼ì´ë²„ ì„¤ì • ì™„ë£Œ (Selenium Manager ì‚¬ìš©)
2025-06-06 09:14:39,269 - src.tworld_crawler - [32mINFO[0m - í˜ì´ì§€ ìš”ì†Œ ë¡œë”© ì™„ë£Œ
2025-06-06 09:14:53,404 - src.crawler - [32mINFO[0m - ë°ì´í„° ê²€ì¦ ì™„ë£Œ: 25/25 í•­ëª©
2025-06-06 09:14:53,406 - src.tworld_full_crawler - [32mINFO[0m - 
=== í¬ë¡¤ë§ í†µê³„ ===
2025-06-06 09:14:53,407 - src.tworld_full_crawler - [32mINFO[0m - ì´ ë°ì´í„° ìˆ˜: 25ê°œ
2025-06-06 09:14:53,407 - src.tworld_full_crawler - [32mINFO[0m - í¬ë¡¤ë§í•œ URL ìˆ˜: 4ê°œ
2025-06-06 09:14:53,407 - src.tworld_full_crawler - [32mINFO[0m - 
ë„¤íŠ¸ì›Œí¬ë³„:
2025-06-06 09:14:53,407 - src.tworld_full_crawler - [32mINFO[0m -   5G: 12ê°œ
2025-06-06 09:14:53,407 - src.tworld_full_crawler - [32mINFO[0m -   LTE: 13ê°œ
2025-06-06 09:14:53,407 - src.tworld_full_crawler - [32mINFO[0m - 
ê°€ì…ìœ í˜•ë³„:
2025-06-06 09:14:53,407 - src.tworld_full_crawler - [32mINFO[0m -   ê¸°ê¸°ë³€ê²½: 25ê°œ
2025-06-06 09:14:53,408 - src.tworld_full_crawler - [32mINFO[0m - 
ë””ë°”ì´ìŠ¤ë³„ (ìƒìœ„ 10ê°œ):
2025-06-06 09:14:53,408 - src.tworld_full_crawler - [32mINFO[0m -   LTE Watch(ê³µìœ II): 3ê°œ
2025-06-06 09:14:53,408 - src.tworld_full_crawler - [32mINFO[0m -   5GX í”„ë¼ì„: 1ê°œ
2025-06-06 09:14:53,408 - src.tworld_full_crawler - [32mINFO[0m -   ê°¤ëŸ­ì‹œ S25512G: 1ê°œ
2025-06-06 09:14:53,408 - src.tworld_full_crawler - [32mINFO[0m -   ê°¤ëŸ­ì‹œ S25 ìš¸íŠ¸ë¼_512G: 1ê°œ
2025-06-06 09:14:53,408 - src.tworld_full_crawler - [32mINFO[0m -   ê°¤ëŸ­ì‹œ S25+256G: 1ê°œ
2025-06-06 09:14:53,408 - src.tworld_full_crawler - [32mINFO[0m -   ê°¤ëŸ­ì‹œ S25 ìš¸íŠ¸ë¼1T: 1ê°œ
2025-06-06 09:14:53,408 - src.tworld_full_crawler - [32mINFO[0m -   ê°¤ëŸ­ì‹œ S25 ìš¸íŠ¸ë¼256G: 1ê°œ
2025-06-06 09:14:53,408 - src.tworld_full_crawler - [32mINFO[0m -   ê°¤ëŸ­ì‹œ S25 ìš¸íŠ¸ë¼512G: 1ê°œ
2025-06-06 09:14:53,408 - src.tworld_full_crawler - [32mINFO[0m -   ê°¤ëŸ­ì‹œ S25+512G: 1ê°œ
2025-06-06 09:14:53,408 - src.tworld_full_crawler - [32mINFO[0m -   ê°¤ëŸ­ì‹œ S25: 1ê°œ
2025-06-06 09:14:53,408 - src.tworld_full_crawler - [32mINFO[0m - ì „ì²´ í¬ë¡¤ë§ ì™„ë£Œ: 25ê°œ ë°ì´í„°, ì†Œìš”ì‹œê°„: 111.44ì´ˆ
2025-06-06 09:14:53,437 - src.crawler - [32mINFO[0m - CSV ì €ì¥ ì™„ë£Œ: /Users/jacob/Desktop/fee-crawler/data/tworld_all_products_20250606_091453.csv
2025-06-06 09:14:53,546 - src.crawler - [32mINFO[0m - Excel ì €ì¥ ì™„ë£Œ: /Users/jacob/Desktop/fee-crawler/data/tworld_all_products_20250606_091453.xlsx
2025-06-06 09:14:53,546 - src.crawler - [32mINFO[0m - JSON ì €ì¥ ì™„ë£Œ: /Users/jacob/Desktop/fee-crawler/data/tworld_all_products_20250606_091453.json
2025-06-06 09:14:53,550 - __main__ - [32mINFO[0m - ì „ì²´ í¬ë¡¤ë§ ì™„ë£Œ!
2025-06-06 09:26:43,553 - __main__ - [32mINFO[0m - ì™„ì „ í¬ë¡¤ë§ ëª¨ë“œ ì‹œì‘...
2025-06-06 09:26:43,553 - __main__ - [32mINFO[0m - ëª¨ë“  ì œì¡°ì‚¬, ëª¨ë“  ëª¨ë¸, ëª¨ë“  ìš”ê¸ˆì œ ì¡°í•©ì„ í¬ë¡¤ë§í•©ë‹ˆë‹¤.
2025-06-06 09:26:43,553 - __main__ - [32mINFO[0m - ì´ ì‘ì—…ì€ ì˜¤ë˜ ê±¸ë¦´ ìˆ˜ ìˆìŠµë‹ˆë‹¤.
2025-06-06 09:26:47,847 - src.tworld_complete_crawler - [32mINFO[0m - ==================================================
2025-06-06 09:26:47,848 - src.tworld_complete_crawler - [32mINFO[0m - STEP 1: ìš”ê¸ˆì œ ëª©ë¡ ìˆ˜ì§‘
2025-06-06 09:26:47,848 - src.tworld_complete_crawler - [32mINFO[0m - ==================================================
2025-06-06 09:26:49,968 - src.tworld_crawler - [32mINFO[0m - Chrome ë“œë¼ì´ë²„ ì„¤ì • ì™„ë£Œ (Selenium Manager ì‚¬ìš©)
2025-06-06 09:26:49,969 - src.tworld_complete_crawler - [32mINFO[0m - ìš”ê¸ˆì œ í˜ì´ì§€ ì ‘ì†: https://shop.tworld.co.kr/wireless/product/subscription/list
2025-06-06 09:27:05,672 - src.tworld_complete_crawler - [31mERROR[0m - 5G ìš”ê¸ˆì œ ìˆ˜ì§‘ ì˜¤ë¥˜: Message: no such element: Unable to locate element: {"method":"xpath","selector":"//button[contains(text(), '5G')]"}
  (Session info: chrome=137.0.7151.56); For documentation on this error, please visit: https://www.selenium.dev/documentation/webdriver/troubleshooting/errors#no-such-element-exception
Stacktrace:
0   chromedriver                        0x0000000100986654 cxxbridge1$str$ptr + 2723108
1   chromedriver                        0x000000010097e8c8 cxxbridge1$str$ptr + 2690968
2   chromedriver                        0x00000001004d2714 cxxbridge1$string$len + 90428
3   chromedriver                        0x00000001005197c0 cxxbridge1$string$len + 381416
4   chromedriver                        0x000000010055ade8 cxxbridge1$string$len + 649232
5   chromedriver                        0x000000010050d9c8 cxxbridge1$string$len + 332784
6   chromedriver                        0x000000010094a278 cxxbridge1$str$ptr + 2476360
7   chromedriver                        0x000000010094d50c cxxbridge1$str$ptr + 2489308
8   chromedriver                        0x000000010092ba64 cxxbridge1$str$ptr + 2351412
9   chromedriver                        0x000000010094dd94 cxxbridge1$str$ptr + 2491492
10  chromedriver                        0x000000010091cd58 cxxbridge1$str$ptr + 2290728
11  chromedriver                        0x000000010096dd60 cxxbridge1$str$ptr + 2622512
12  chromedriver                        0x000000010096deec cxxbridge1$str$ptr + 2622908
13  chromedriver                        0x000000010097e514 cxxbridge1$str$ptr + 2690020
14  libsystem_pthread.dylib             0x000000019239ac0c _pthread_start + 136
15  libsystem_pthread.dylib             0x0000000192395b80 thread_start + 8

2025-06-06 09:27:15,715 - src.tworld_complete_crawler - [31mERROR[0m - LTE ìš”ê¸ˆì œ ìˆ˜ì§‘ ì˜¤ë¥˜: Message: no such element: Unable to locate element: {"method":"xpath","selector":"//button[contains(text(), 'LTE')]"}
  (Session info: chrome=137.0.7151.56); For documentation on this error, please visit: https://www.selenium.dev/documentation/webdriver/troubleshooting/errors#no-such-element-exception
Stacktrace:
0   chromedriver                        0x0000000100986654 cxxbridge1$str$ptr + 2723108
1   chromedriver                        0x000000010097e8c8 cxxbridge1$str$ptr + 2690968
2   chromedriver                        0x00000001004d2714 cxxbridge1$string$len + 90428
3   chromedriver                        0x00000001005197c0 cxxbridge1$string$len + 381416
4   chromedriver                        0x000000010055ade8 cxxbridge1$string$len + 649232
5   chromedriver                        0x000000010050d9c8 cxxbridge1$string$len + 332784
6   chromedriver                        0x000000010094a278 cxxbridge1$str$ptr + 2476360
7   chromedriver                        0x000000010094d50c cxxbridge1$str$ptr + 2489308
8   chromedriver                        0x000000010092ba64 cxxbridge1$str$ptr + 2351412
9   chromedriver                        0x000000010094dd94 cxxbridge1$str$ptr + 2491492
10  chromedriver                        0x000000010091cd58 cxxbridge1$str$ptr + 2290728
11  chromedriver                        0x000000010096dd60 cxxbridge1$str$ptr + 2622512
12  chromedriver                        0x000000010096deec cxxbridge1$str$ptr + 2622908
13  chromedriver                        0x000000010097e514 cxxbridge1$str$ptr + 2690020
14  libsystem_pthread.dylib             0x000000019239ac0c _pthread_start + 136
15  libsystem_pthread.dylib             0x0000000192395b80 thread_start + 8

2025-06-06 09:27:15,715 - src.tworld_complete_crawler - [32mINFO[0m - ì´ 0ê°œ ìš”ê¸ˆì œ ìˆ˜ì§‘ ì™„ë£Œ
2025-06-06 09:27:15,803 - src.tworld_complete_crawler - [32mINFO[0m - ==================================================
2025-06-06 09:27:15,803 - src.tworld_complete_crawler - [32mINFO[0m - STEP 2: ë””ë°”ì´ìŠ¤ ëª©ë¡ ìˆ˜ì§‘
2025-06-06 09:27:15,803 - src.tworld_complete_crawler - [32mINFO[0m - ==================================================
2025-06-06 09:27:17,371 - src.tworld_crawler - [32mINFO[0m - Chrome ë“œë¼ì´ë²„ ì„¤ì • ì™„ë£Œ (Selenium Manager ì‚¬ìš©)
2025-06-06 09:27:17,371 - src.tworld_complete_crawler - [32mINFO[0m - ê³µì‹œì§€ì›ê¸ˆ í˜ì´ì§€ ì ‘ì†: https://shop.tworld.co.kr/notice
2025-06-06 09:30:25,068 - src.tworld_complete_crawler - [32mINFO[0m - ì´ 0ê°œ ë””ë°”ì´ìŠ¤ ìˆ˜ì§‘ ì™„ë£Œ
2025-06-06 09:30:25,171 - src.tworld_complete_crawler - [32mINFO[0m - ==================================================
2025-06-06 09:30:25,171 - src.tworld_complete_crawler - [32mINFO[0m - STEP 3: ê³µì‹œì§€ì›ê¸ˆ í¬ë¡¤ë§
2025-06-06 09:30:25,171 - src.tworld_complete_crawler - [32mINFO[0m - ==================================================
2025-06-06 09:30:25,171 - src.tworld_complete_crawler - [32mINFO[0m - ì´ 0ê°œ ì¡°í•© í¬ë¡¤ë§ ì‹œì‘
2025-06-06 09:30:25,171 - src.tworld_complete_crawler - [32mINFO[0m - ë””ë°”ì´ìŠ¤: 0ê°œ, ìš”ê¸ˆì œ: 0ê°œ
2025-06-06 09:30:25,215 - src.crawler - [32mINFO[0m - ë°ì´í„° ê²€ì¦ ì™„ë£Œ: 0/0 í•­ëª©
2025-06-06 09:30:25,215 - src.tworld_complete_crawler - [32mINFO[0m - 
==================================================
2025-06-06 09:30:25,215 - src.tworld_complete_crawler - [32mINFO[0m - í¬ë¡¤ë§ í†µê³„
2025-06-06 09:30:25,215 - src.tworld_complete_crawler - [32mINFO[0m - ==================================================
2025-06-06 09:30:25,215 - src.tworld_complete_crawler - [32mINFO[0m - 
ì œì¡°ì‚¬ë³„ ë°ì´í„°:
2025-06-06 09:30:25,216 - src.tworld_complete_crawler - [32mINFO[0m - 
ìš”ê¸ˆì œë³„ ë°ì´í„° (ìƒìœ„ 10ê°œ):
2025-06-06 09:30:25,216 - src.tworld_complete_crawler - [32mINFO[0m - 
ì „ì²´ í¬ë¡¤ë§ ì™„ë£Œ!
2025-06-06 09:30:25,216 - src.tworld_complete_crawler - [32mINFO[0m - ìˆ˜ì§‘ ë°ì´í„°: 0ê°œ
2025-06-06 09:30:25,216 - src.tworld_complete_crawler - [32mINFO[0m - ì†Œìš” ì‹œê°„: 3.6ë¶„
2025-06-06 09:30:25,216 - __main__ - [31mERROR[0m - ë°ì´í„°ë¥¼ ìˆ˜ì§‘í•  ìˆ˜ ì—†ìŠµë‹ˆë‹¤.
2025-06-06 09:33:13,152 - __main__ - [32mINFO[0m - ì™„ì „ í¬ë¡¤ë§ ëª¨ë“œ ì‹œì‘...
2025-06-06 09:33:13,152 - __main__ - [32mINFO[0m - ëª¨ë“  ì œì¡°ì‚¬, ëª¨ë“  ëª¨ë¸, ëª¨ë“  ìš”ê¸ˆì œ ì¡°í•©ì„ í¬ë¡¤ë§í•©ë‹ˆë‹¤.
2025-06-06 09:33:13,152 - __main__ - [32mINFO[0m - ì´ ì‘ì—…ì€ ì˜¤ë˜ ê±¸ë¦´ ìˆ˜ ìˆìŠµë‹ˆë‹¤.
2025-06-06 09:33:16,908 - src.tworld_complete_crawler - [32mINFO[0m - ==================================================
2025-06-06 09:33:16,908 - src.tworld_complete_crawler - [32mINFO[0m - STEP 1: ê³µì‹œì§€ì›ê¸ˆ í˜ì´ì§€ì—ì„œ ì „ì²´ ë°ì´í„° ìˆ˜ì§‘
2025-06-06 09:33:16,908 - src.tworld_complete_crawler - [32mINFO[0m - ==================================================
2025-06-06 09:33:19,119 - src.tworld_crawler - [32mINFO[0m - Chrome ë“œë¼ì´ë²„ ì„¤ì • ì™„ë£Œ (Selenium Manager ì‚¬ìš©)
2025-06-06 09:33:19,120 - src.tworld_complete_crawler - [32mINFO[0m - ê³µì‹œì§€ì›ê¸ˆ í˜ì´ì§€ ì ‘ì†: https://shop.tworld.co.kr/notice
2025-06-06 09:33:24,644 - src.tworld_complete_crawler - [32mINFO[0m - 
5G ë°ì´í„° ìˆ˜ì§‘ ì‹œì‘
2025-06-06 09:33:44,745 - src.tworld_complete_crawler - [31mERROR[0m - ë„¤íŠ¸ì›Œí¬ íƒ€ì… ì„ íƒ ì‹¤íŒ¨: Message: no such element: Unable to locate element: {"method":"xpath","selector":"//button[contains(text(), '5G')]"}
  (Session info: chrome=137.0.7151.56); For documentation on this error, please visit: https://www.selenium.dev/documentation/webdriver/troubleshooting/errors#no-such-element-exception
Stacktrace:
0   chromedriver                        0x000000010053e654 cxxbridge1$str$ptr + 2723108
1   chromedriver                        0x00000001005368c8 cxxbridge1$str$ptr + 2690968
2   chromedriver                        0x000000010008a714 cxxbridge1$string$len + 90428
3   chromedriver                        0x00000001000d17c0 cxxbridge1$string$len + 381416
4   chromedriver                        0x0000000100112de8 cxxbridge1$string$len + 649232
5   chromedriver                        0x00000001000c59c8 cxxbridge1$string$len + 332784
6   chromedriver                        0x0000000100502278 cxxbridge1$str$ptr + 2476360
7   chromedriver                        0x000000010050550c cxxbridge1$str$ptr + 2489308
8   chromedriver                        0x00000001004e3a64 cxxbridge1$str$ptr + 2351412
9   chromedriver                        0x0000000100505d94 cxxbridge1$str$ptr + 2491492
10  chromedriver                        0x00000001004d4d58 cxxbridge1$str$ptr + 2290728
11  chromedriver                        0x0000000100525d60 cxxbridge1$str$ptr + 2622512
12  chromedriver                        0x0000000100525eec cxxbridge1$str$ptr + 2622908
13  chromedriver                        0x0000000100536514 cxxbridge1$str$ptr + 2690020
14  libsystem_pthread.dylib             0x000000019239ac0c _pthread_start + 136
15  libsystem_pthread.dylib             0x0000000192395b80 thread_start + 8

2025-06-06 09:33:47,749 - src.tworld_complete_crawler - [32mINFO[0m -   - ê¸°ê¸°ë³€ê²½ ë°ì´í„° ìˆ˜ì§‘
2025-06-06 09:33:50,831 - src.tworld_complete_crawler - [32mINFO[0m -     ë°œê²¬ëœ í–‰ ìˆ˜: 20
2025-06-06 09:35:16,955 - src.tworld_complete_crawler - [32mINFO[0m -   - ì‹ ê·œê°€ì… ë°ì´í„° ìˆ˜ì§‘
2025-06-06 09:35:19,979 - src.tworld_complete_crawler - [31mERROR[0m - í˜ì´ì§€ ë°ì´í„° ìˆ˜ì§‘ ì˜¤ë¥˜: HTTPConnectionPool(host='localhost', port=50275): Max retries exceeded with url: /session/823487cc9ee4fb20c4da105a9e6bade2/elements (Caused by NewConnectionError('<urllib3.connection.HTTPConnection object at 0x114a63570>: Failed to establish a new connection: [Errno 61] Connection refused'))
2025-06-06 09:35:21,988 - src.tworld_complete_crawler - [32mINFO[0m -   - ë²ˆí˜¸ì´ë™ ë°ì´í„° ìˆ˜ì§‘
2025-06-06 09:35:25,019 - src.tworld_complete_crawler - [31mERROR[0m - í˜ì´ì§€ ë°ì´í„° ìˆ˜ì§‘ ì˜¤ë¥˜: HTTPConnectionPool(host='localhost', port=50275): Max retries exceeded with url: /session/823487cc9ee4fb20c4da105a9e6bade2/elements (Caused by NewConnectionError('<urllib3.connection.HTTPConnection object at 0x114bf0160>: Failed to establish a new connection: [Errno 61] Connection refused'))
2025-06-06 09:35:27,027 - src.tworld_complete_crawler - [32mINFO[0m - 
LTE ë°ì´í„° ìˆ˜ì§‘ ì‹œì‘
2025-06-06 09:35:27,038 - src.tworld_complete_crawler - [31mERROR[0m - ë„¤íŠ¸ì›Œí¬ íƒ€ì… ì„ íƒ ì‹¤íŒ¨: HTTPConnectionPool(host='localhost', port=50275): Max retries exceeded with url: /session/823487cc9ee4fb20c4da105a9e6bade2/element (Caused by NewConnectionError('<urllib3.connection.HTTPConnection object at 0x114bf1e10>: Failed to establish a new connection: [Errno 61] Connection refused'))
2025-06-06 09:35:30,043 - src.tworld_complete_crawler - [32mINFO[0m -   - ê¸°ê¸°ë³€ê²½ ë°ì´í„° ìˆ˜ì§‘
2025-06-06 09:35:33,070 - src.tworld_complete_crawler - [31mERROR[0m - í˜ì´ì§€ ë°ì´í„° ìˆ˜ì§‘ ì˜¤ë¥˜: HTTPConnectionPool(host='localhost', port=50275): Max retries exceeded with url: /session/823487cc9ee4fb20c4da105a9e6bade2/elements (Caused by NewConnectionError('<urllib3.connection.HTTPConnection object at 0x114d1c7c0>: Failed to establish a new connection: [Errno 61] Connection refused'))
2025-06-06 09:35:35,079 - src.tworld_complete_crawler - [32mINFO[0m -   - ì‹ ê·œê°€ì… ë°ì´í„° ìˆ˜ì§‘
2025-06-06 09:35:38,102 - src.tworld_complete_crawler - [31mERROR[0m - í˜ì´ì§€ ë°ì´í„° ìˆ˜ì§‘ ì˜¤ë¥˜: HTTPConnectionPool(host='localhost', port=50275): Max retries exceeded with url: /session/823487cc9ee4fb20c4da105a9e6bade2/elements (Caused by NewConnectionError('<urllib3.connection.HTTPConnection object at 0x114bf2030>: Failed to establish a new connection: [Errno 61] Connection refused'))
2025-06-06 09:35:40,112 - src.tworld_complete_crawler - [32mINFO[0m -   - ë²ˆí˜¸ì´ë™ ë°ì´í„° ìˆ˜ì§‘
2025-06-06 09:35:43,132 - src.tworld_complete_crawler - [31mERROR[0m - í˜ì´ì§€ ë°ì´í„° ìˆ˜ì§‘ ì˜¤ë¥˜: HTTPConnectionPool(host='localhost', port=50275): Max retries exceeded with url: /session/823487cc9ee4fb20c4da105a9e6bade2/elements (Caused by NewConnectionError('<urllib3.connection.HTTPConnection object at 0x114d1dae0>: Failed to establish a new connection: [Errno 61] Connection refused'))
2025-06-06 09:35:45,158 - src.crawler - [32mINFO[0m - ë°ì´í„° ê²€ì¦ ì™„ë£Œ: 9/9 í•­ëª©
2025-06-06 09:35:45,158 - src.tworld_complete_crawler - [32mINFO[0m - 
==================================================
2025-06-06 09:35:45,159 - src.tworld_complete_crawler - [32mINFO[0m - í¬ë¡¤ë§ í†µê³„
2025-06-06 09:35:45,159 - src.tworld_complete_crawler - [32mINFO[0m - ==================================================
2025-06-06 09:35:45,159 - src.tworld_complete_crawler - [32mINFO[0m - 
ì œì¡°ì‚¬ë³„ ë°ì´í„°:
2025-06-06 09:35:45,159 - src.tworld_complete_crawler - [32mINFO[0m -   ì‚¼ì„±: 7ê°œ
2025-06-06 09:35:45,159 - src.tworld_complete_crawler - [32mINFO[0m -   ì• í”Œ: 2ê°œ
2025-06-06 09:35:45,159 - src.tworld_complete_crawler - [32mINFO[0m - 
ë„¤íŠ¸ì›Œí¬ë³„ ë°ì´í„°:
2025-06-06 09:35:45,159 - src.tworld_complete_crawler - [32mINFO[0m -   5G: 9ê°œ
2025-06-06 09:35:45,159 - src.tworld_complete_crawler - [32mINFO[0m - 
ê°€ì…ìœ í˜•ë³„ ë°ì´í„°:
2025-06-06 09:35:45,159 - src.tworld_complete_crawler - [32mINFO[0m -   ê¸°ê¸°ë³€ê²½: 9ê°œ
2025-06-06 09:35:45,159 - src.tworld_complete_crawler - [32mINFO[0m - 
ìµœê³  ê³µì‹œì§€ì›ê¸ˆ:
2025-06-06 09:35:45,159 - src.tworld_complete_crawler - [32mINFO[0m -   ê°¤ëŸ­ì‹œ S25
512G
2025-06-06 09:35:45,159 - src.tworld_complete_crawler - [32mINFO[0m -   = 680,000ì›
2025-06-06 09:35:45,159 - src.tworld_complete_crawler - [32mINFO[0m - 
ìµœì € ê³µì‹œì§€ì›ê¸ˆ:
2025-06-06 09:35:45,159 - src.tworld_complete_crawler - [32mINFO[0m -   iPhone 16 Pro
256G
2025-06-06 09:35:45,159 - src.tworld_complete_crawler - [32mINFO[0m -   = 650,000ì›
2025-06-06 09:35:45,159 - src.tworld_complete_crawler - [32mINFO[0m - 
ì „ì²´ í¬ë¡¤ë§ ì™„ë£Œ!
2025-06-06 09:35:45,159 - src.tworld_complete_crawler - [32mINFO[0m - ìˆ˜ì§‘ ë°ì´í„°: 9ê°œ
2025-06-06 09:35:45,160 - src.tworld_complete_crawler - [32mINFO[0m - ì†Œìš” ì‹œê°„: 2.5ë¶„
2025-06-06 09:35:45,201 - src.crawler - [32mINFO[0m - CSV ì €ì¥ ì™„ë£Œ: /Users/jacob/Desktop/fee-crawler/data/tworld_complete_20250606_093545.csv
2025-06-06 09:35:45,202 - src.crawler - [32mINFO[0m - JSON ì €ì¥ ì™„ë£Œ: /Users/jacob/Desktop/fee-crawler/data/tworld_complete_20250606_093545.json
2025-06-06 09:35:45,340 - src.tworld_complete_crawler - [32mINFO[0m - Excel íŒŒì¼ ì €ì¥ ì™„ë£Œ: /Users/jacob/Desktop/fee-crawler/data/tworld_complete_20250606_093545.xlsx
2025-06-06 09:35:45,342 - __main__ - [31mERROR[0m - ì˜ˆìƒì¹˜ ëª»í•œ ì˜¤ë¥˜: 'rate_plan_name'
Traceback (most recent call last):
  File "/Users/jacob/Desktop/fee-crawler/main.py", line 144, in main
    print(f"\n[{i}] {item['device_name']} + {item['rate_plan_name']}")
                                             ~~~~^^^^^^^^^^^^^^^^^^
KeyError: 'rate_plan_name'
2025-06-06 09:41:07,950 - __main__ - [32mINFO[0m - ì™„ì „ í¬ë¡¤ë§ ëª¨ë“œ ì‹œì‘...
2025-06-06 09:41:07,950 - __main__ - [32mINFO[0m - ëª¨ë“  ì œì¡°ì‚¬, ëª¨ë“  ëª¨ë¸, ëª¨ë“  ìš”ê¸ˆì œ ì¡°í•©ì„ í¬ë¡¤ë§í•©ë‹ˆë‹¤.
2025-06-06 09:41:07,950 - __main__ - [32mINFO[0m - ì´ ì‘ì—…ì€ ì˜¤ë˜ ê±¸ë¦´ ìˆ˜ ìˆìŠµë‹ˆë‹¤.
2025-06-06 09:41:10,123 - src.tworld_complete_crawler - [32mINFO[0m - ==================================================
2025-06-06 09:41:10,124 - src.tworld_complete_crawler - [32mINFO[0m - STEP 1: ê³µì‹œì§€ì›ê¸ˆ í˜ì´ì§€ì—ì„œ ì „ì²´ ë°ì´í„° ìˆ˜ì§‘
2025-06-06 09:41:10,124 - src.tworld_complete_crawler - [32mINFO[0m - ==================================================
2025-06-06 09:41:12,320 - src.tworld_crawler - [32mINFO[0m - Chrome ë“œë¼ì´ë²„ ì„¤ì • ì™„ë£Œ (Selenium Manager ì‚¬ìš©)
2025-06-06 09:41:12,321 - src.tworld_complete_crawler - [32mINFO[0m - ê³µì‹œì§€ì›ê¸ˆ í˜ì´ì§€ ì ‘ì†: https://shop.tworld.co.kr/notice
2025-06-06 09:41:17,914 - src.tworld_complete_crawler - [32mINFO[0m - 
5G ë°ì´í„° ìˆ˜ì§‘ ì‹œì‘
2025-06-06 09:41:37,997 - src.tworld_complete_crawler - [31mERROR[0m - ë„¤íŠ¸ì›Œí¬ íƒ€ì… ì„ íƒ ì‹¤íŒ¨: Message: no such element: Unable to locate element: {"method":"xpath","selector":"//button[contains(text(), '5G')]"}
  (Session info: chrome=137.0.7151.56); For documentation on this error, please visit: https://www.selenium.dev/documentation/webdriver/troubleshooting/errors#no-such-element-exception
Stacktrace:
0   chromedriver                        0x0000000104fde654 cxxbridge1$str$ptr + 2723108
1   chromedriver                        0x0000000104fd68c8 cxxbridge1$str$ptr + 2690968
2   chromedriver                        0x0000000104b2a714 cxxbridge1$string$len + 90428
3   chromedriver                        0x0000000104b717c0 cxxbridge1$string$len + 381416
4   chromedriver                        0x0000000104bb2de8 cxxbridge1$string$len + 649232
5   chromedriver                        0x0000000104b659c8 cxxbridge1$string$len + 332784
6   chromedriver                        0x0000000104fa2278 cxxbridge1$str$ptr + 2476360
7   chromedriver                        0x0000000104fa550c cxxbridge1$str$ptr + 2489308
8   chromedriver                        0x0000000104f83a64 cxxbridge1$str$ptr + 2351412
9   chromedriver                        0x0000000104fa5d94 cxxbridge1$str$ptr + 2491492
10  chromedriver                        0x0000000104f74d58 cxxbridge1$str$ptr + 2290728
11  chromedriver                        0x0000000104fc5d60 cxxbridge1$str$ptr + 2622512
12  chromedriver                        0x0000000104fc5eec cxxbridge1$str$ptr + 2622908
13  chromedriver                        0x0000000104fd6514 cxxbridge1$str$ptr + 2690020
14  libsystem_pthread.dylib             0x000000019239ac0c _pthread_start + 136
15  libsystem_pthread.dylib             0x0000000192395b80 thread_start + 8

2025-06-06 09:41:41,004 - src.tworld_complete_crawler - [32mINFO[0m -   - ê¸°ê¸°ë³€ê²½ ë°ì´í„° ìˆ˜ì§‘
2025-06-06 09:41:44,070 - src.tworld_complete_crawler - [32mINFO[0m -     ë°œê²¬ëœ í–‰ ìˆ˜: 20
2025-06-06 09:41:56,444 - src.tworld_complete_crawler - [32mINFO[0m -   - ì‹ ê·œê°€ì… ë°ì´í„° ìˆ˜ì§‘
2025-06-06 09:42:19,581 - src.tworld_complete_crawler - [32mINFO[0m -     ë°œê²¬ëœ í–‰ ìˆ˜: 13
2025-06-06 09:42:31,953 - src.tworld_complete_crawler - [32mINFO[0m -   - ë²ˆí˜¸ì´ë™ ë°ì´í„° ìˆ˜ì§‘
2025-06-06 09:42:55,048 - src.tworld_complete_crawler - [32mINFO[0m -     ë°œê²¬ëœ í–‰ ìˆ˜: 13
2025-06-06 09:43:07,377 - src.tworld_complete_crawler - [32mINFO[0m - 
LTE ë°ì´í„° ìˆ˜ì§‘ ì‹œì‘
2025-06-06 09:43:27,468 - src.tworld_complete_crawler - [31mERROR[0m - ë„¤íŠ¸ì›Œí¬ íƒ€ì… ì„ íƒ ì‹¤íŒ¨: Message: no such element: Unable to locate element: {"method":"xpath","selector":"//button[contains(text(), 'LTE')]"}
  (Session info: chrome=137.0.7151.56); For documentation on this error, please visit: https://www.selenium.dev/documentation/webdriver/troubleshooting/errors#no-such-element-exception
Stacktrace:
0   chromedriver                        0x0000000104fde654 cxxbridge1$str$ptr + 2723108
1   chromedriver                        0x0000000104fd68c8 cxxbridge1$str$ptr + 2690968
2   chromedriver                        0x0000000104b2a714 cxxbridge1$string$len + 90428
3   chromedriver                        0x0000000104b717c0 cxxbridge1$string$len + 381416
4   chromedriver                        0x0000000104bb2de8 cxxbridge1$string$len + 649232
5   chromedriver                        0x0000000104b659c8 cxxbridge1$string$len + 332784
6   chromedriver                        0x0000000104fa2278 cxxbridge1$str$ptr + 2476360
7   chromedriver                        0x0000000104fa550c cxxbridge1$str$ptr + 2489308
8   chromedriver                        0x0000000104f83a64 cxxbridge1$str$ptr + 2351412
9   chromedriver                        0x0000000104fa5d94 cxxbridge1$str$ptr + 2491492
10  chromedriver                        0x0000000104f74d58 cxxbridge1$str$ptr + 2290728
11  chromedriver                        0x0000000104fc5d60 cxxbridge1$str$ptr + 2622512
12  chromedriver                        0x0000000104fc5eec cxxbridge1$str$ptr + 2622908
13  chromedriver                        0x0000000104fd6514 cxxbridge1$str$ptr + 2690020
14  libsystem_pthread.dylib             0x000000019239ac0c _pthread_start + 136
15  libsystem_pthread.dylib             0x0000000192395b80 thread_start + 8

2025-06-06 09:43:30,471 - src.tworld_complete_crawler - [32mINFO[0m -   - ê¸°ê¸°ë³€ê²½ ë°ì´í„° ìˆ˜ì§‘
2025-06-06 09:43:33,531 - src.tworld_complete_crawler - [32mINFO[0m -     ë°œê²¬ëœ í–‰ ìˆ˜: 18
2025-06-06 09:43:45,953 - src.tworld_complete_crawler - [32mINFO[0m -   - ì‹ ê·œê°€ì… ë°ì´í„° ìˆ˜ì§‘
2025-06-06 09:44:09,081 - src.tworld_complete_crawler - [32mINFO[0m -     ë°œê²¬ëœ í–‰ ìˆ˜: 20
2025-06-06 09:44:21,485 - src.tworld_complete_crawler - [32mINFO[0m -   - ë²ˆí˜¸ì´ë™ ë°ì´í„° ìˆ˜ì§‘
2025-06-06 09:44:44,611 - src.tworld_complete_crawler - [32mINFO[0m -     ë°œê²¬ëœ í–‰ ìˆ˜: 20
2025-06-06 09:44:57,241 - src.crawler - [32mINFO[0m - ë°ì´í„° ê²€ì¦ ì™„ë£Œ: 104/104 í•­ëª©
2025-06-06 09:44:57,242 - src.tworld_complete_crawler - [32mINFO[0m - 
==================================================
2025-06-06 09:44:57,242 - src.tworld_complete_crawler - [32mINFO[0m - í¬ë¡¤ë§ í†µê³„
2025-06-06 09:44:57,242 - src.tworld_complete_crawler - [32mINFO[0m - ==================================================
2025-06-06 09:44:57,242 - src.tworld_complete_crawler - [32mINFO[0m - 
ì œì¡°ì‚¬ë³„ ë°ì´í„°:
2025-06-06 09:44:57,242 - src.tworld_complete_crawler - [32mINFO[0m -   ê¸°íƒ€: 19ê°œ
2025-06-06 09:44:57,242 - src.tworld_complete_crawler - [32mINFO[0m -   ì‚¼ì„±: 24ê°œ
2025-06-06 09:44:57,242 - src.tworld_complete_crawler - [32mINFO[0m -   ì• í”Œ: 61ê°œ
2025-06-06 09:44:57,242 - src.tworld_complete_crawler - [32mINFO[0m - 
ë„¤íŠ¸ì›Œí¬ë³„ ë°ì´í„°:
2025-06-06 09:44:57,242 - src.tworld_complete_crawler - [32mINFO[0m -   5G: 46ê°œ
2025-06-06 09:44:57,242 - src.tworld_complete_crawler - [32mINFO[0m -   LTE: 58ê°œ
2025-06-06 09:44:57,242 - src.tworld_complete_crawler - [32mINFO[0m - 
ê°€ì…ìœ í˜•ë³„ ë°ì´í„°:
2025-06-06 09:44:57,242 - src.tworld_complete_crawler - [32mINFO[0m -   ê¸°ê¸°ë³€ê²½: 38ê°œ
2025-06-06 09:44:57,242 - src.tworld_complete_crawler - [32mINFO[0m -   ë²ˆí˜¸ì´ë™: 33ê°œ
2025-06-06 09:44:57,242 - src.tworld_complete_crawler - [32mINFO[0m -   ì‹ ê·œê°€ì…: 33ê°œ
2025-06-06 09:44:57,242 - src.tworld_complete_crawler - [32mINFO[0m - 
ìµœê³  ê³µì‹œì§€ì›ê¸ˆ:
2025-06-06 09:44:57,242 - src.tworld_complete_crawler - [32mINFO[0m -   ê°¤ëŸ­ì‹œ S25
512G
2025-06-06 09:44:57,242 - src.tworld_complete_crawler - [32mINFO[0m -   = 680,000ì›
2025-06-06 09:44:57,242 - src.tworld_complete_crawler - [32mINFO[0m - 
ìµœì € ê³µì‹œì§€ì›ê¸ˆ:
2025-06-06 09:44:57,242 - src.tworld_complete_crawler - [32mINFO[0m -   iPad Pro 13 (M4 ëª¨ë¸) NEW
256G
2025-06-06 09:44:57,242 - src.tworld_complete_crawler - [32mINFO[0m -   = 50,000ì›
2025-06-06 09:44:57,242 - src.tworld_complete_crawler - [32mINFO[0m - 
ì „ì²´ í¬ë¡¤ë§ ì™„ë£Œ!
2025-06-06 09:44:57,242 - src.tworld_complete_crawler - [32mINFO[0m - ìˆ˜ì§‘ ë°ì´í„°: 104ê°œ
2025-06-06 09:44:57,242 - src.tworld_complete_crawler - [32mINFO[0m - ì†Œìš” ì‹œê°„: 3.8ë¶„
2025-06-06 09:44:57,266 - src.crawler - [32mINFO[0m - CSV ì €ì¥ ì™„ë£Œ: /Users/jacob/Desktop/fee-crawler/data/tworld_complete_20250606_094457.csv
2025-06-06 09:44:57,267 - src.crawler - [32mINFO[0m - JSON ì €ì¥ ì™„ë£Œ: /Users/jacob/Desktop/fee-crawler/data/tworld_complete_20250606_094457.json
2025-06-06 09:44:57,409 - src.tworld_complete_crawler - [32mINFO[0m - Excel íŒŒì¼ ì €ì¥ ì™„ë£Œ: /Users/jacob/Desktop/fee-crawler/data/tworld_complete_20250606_094457.xlsx
2025-06-06 09:44:57,412 - __main__ - [32mINFO[0m - ì™„ì „ í¬ë¡¤ë§ ì™„ë£Œ!
2025-06-06 10:00:44,225 - __main__ - [32mINFO[0m - í¬ë¡¤ë§ ì‹œì‘...
2025-06-06 10:00:47,071 - src.tworld_crawler - [32mINFO[0m - Chrome ë“œë¼ì´ë²„ ì„¤ì • ì™„ë£Œ (Selenium Manager ì‚¬ìš©)
2025-06-06 10:00:47,072 - src.tworld_crawler - [32mINFO[0m - í˜ì´ì§€ ë¡œë”© ì‹œì‘: https://m.shop.tworld.co.kr/notice?modelNwType=5G&saleMonth=24&dcMthdCd=10&prodId=NA00007790&prodNm=5GX+%ED%94%84%EB%9D%BC%EC%9E%84&saleYn=N&scrbTypCd=31
2025-06-06 10:00:49,665 - src.tworld_crawler - [32mINFO[0m - í˜ì´ì§€ ìš”ì†Œ ë¡œë”© ì™„ë£Œ
2025-06-06 10:00:49,666 - src.tworld_crawler - [32mINFO[0m - í˜ì´ì§€ ìŠ¤í¬ë¡¤ ì‹œì‘
2025-06-06 10:00:53,415 - src.tworld_crawler - [32mINFO[0m - ìŠ¤í¬ë¡¤ ì™„ë£Œ (ì´ 1íšŒ)
2025-06-06 10:00:55,472 - src.tworld_crawler - [32mINFO[0m - ë””ë²„ê·¸ HTML ì €ì¥: /Users/jacob/Desktop/fee-crawler/data/debug_page_20250606_100055.html
2025-06-06 10:00:55,776 - src.tworld_crawler - [32mINFO[0m - ë””ë²„ê·¸ ìŠ¤í¬ë¦°ìƒ· ì €ì¥: /Users/jacob/Desktop/fee-crawler/data/debug_screenshot_20250606_100055.png
2025-06-06 10:00:55,819 - src.parser - [32mINFO[0m - ë””ë°”ì´ìŠ¤ëª…: 5GX í”„ë¼ì„
2025-06-06 10:00:55,823 - src.parser - [32mINFO[0m - ë°ì´í„° ì¶”ê°€: {'public_support_fee': 680000, 'additional_support_fee': 0, 'device_name': '5GX í”„ë¼ì„', 'plan_name': 'ê¸ˆì•¡\n\n782', 'total_support_fee': 680000}
2025-06-06 10:00:55,830 - src.parser - [32mINFO[0m - í…Œì´ë¸” ë°ì´í„° ì¶”ê°€: ê°¤ëŸ­ì‹œ S25512G, ê³µì‹œì§€ì›ê¸ˆ: 680,000ì›
2025-06-06 10:00:55,830 - src.parser - [32mINFO[0m - í…Œì´ë¸” ë°ì´í„° ì¶”ê°€: ê°¤ëŸ­ì‹œ S25 ìš¸íŠ¸ë¼_512G, ê³µì‹œì§€ì›ê¸ˆ: 680,000ì›
2025-06-06 10:00:55,831 - src.parser - [32mINFO[0m - í…Œì´ë¸” ë°ì´í„° ì¶”ê°€: ê°¤ëŸ­ì‹œ S25+256G, ê³µì‹œì§€ì›ê¸ˆ: 680,000ì›
2025-06-06 10:00:55,831 - src.parser - [32mINFO[0m - í…Œì´ë¸” ë°ì´í„° ì¶”ê°€: ê°¤ëŸ­ì‹œ S25 ìš¸íŠ¸ë¼1T, ê³µì‹œì§€ì›ê¸ˆ: 680,000ì›
2025-06-06 10:00:55,831 - src.parser - [32mINFO[0m - í…Œì´ë¸” ë°ì´í„° ì¶”ê°€: ê°¤ëŸ­ì‹œ S25 ìš¸íŠ¸ë¼256G, ê³µì‹œì§€ì›ê¸ˆ: 680,000ì›
2025-06-06 10:00:55,832 - src.parser - [32mINFO[0m - í…Œì´ë¸” ë°ì´í„° ì¶”ê°€: ê°¤ëŸ­ì‹œ S25 ìš¸íŠ¸ë¼512G, ê³µì‹œì§€ì›ê¸ˆ: 680,000ì›
2025-06-06 10:00:55,832 - src.parser - [32mINFO[0m - í…Œì´ë¸” ë°ì´í„° ì¶”ê°€: ê°¤ëŸ­ì‹œ S25+512G, ê³µì‹œì§€ì›ê¸ˆ: 680,000ì›
2025-06-06 10:00:55,832 - src.parser - [32mINFO[0m - í…Œì´ë¸” ë°ì´í„° ì¶”ê°€: ê°¤ëŸ­ì‹œ S25, ê³µì‹œì§€ì›ê¸ˆ: 680,000ì›
2025-06-06 10:00:55,833 - src.parser - [32mINFO[0m - í…Œì´ë¸” ë°ì´í„° ì¶”ê°€: ê°¤ëŸ­ì‹œ S25_512G, ê³µì‹œì§€ì›ê¸ˆ: 680,000ì›
2025-06-06 10:00:55,835 - src.parser - [32mINFO[0m - í…Œì´ë¸” ë°ì´í„° ì¶”ê°€: ê°¤ëŸ­ì‹œ S25+, ê³µì‹œì§€ì›ê¸ˆ: 680,000ì›
2025-06-06 10:00:55,836 - src.parser - [32mINFO[0m - í…Œì´ë¸” ë°ì´í„° ì¶”ê°€: ê°¤ëŸ­ì‹œ S25+_512G, ê³µì‹œì§€ì›ê¸ˆ: 680,000ì›
2025-06-06 10:00:55,836 - src.parser - [32mINFO[0m - ì´ 12ê°œ ë°ì´í„° íŒŒì‹± ì™„ë£Œ
2025-06-06 10:00:55,836 - src.crawler - [32mINFO[0m - ë°ì´í„° ê²€ì¦ ì™„ë£Œ: 12/12 í•­ëª©
2025-06-06 10:00:55,836 - src.tworld_crawler - [32mINFO[0m - í¬ë¡¤ë§ ì„±ê³µ: 12ê°œ ë°ì´í„° ìˆ˜ì§‘
2025-06-06 10:00:56,045 - src.crawler - [32mINFO[0m - CSV ì €ì¥ ì™„ë£Œ: /Users/jacob/Desktop/fee-crawler/data/tworld_fee_20250606_100044.csv
2025-06-06 10:00:56,185 - src.crawler - [32mINFO[0m - Excel ì €ì¥ ì™„ë£Œ: /Users/jacob/Desktop/fee-crawler/data/tworld_fee_20250606_100044.xlsx
2025-06-06 10:00:56,186 - src.crawler - [32mINFO[0m - JSON ì €ì¥ ì™„ë£Œ: /Users/jacob/Desktop/fee-crawler/data/tworld_fee_20250606_100044.json
2025-06-06 10:00:56,190 - __main__ - [32mINFO[0m - í¬ë¡¤ë§ ì™„ë£Œ!
